2025-03-12 10:13:46 -03:00 > INFO > BUY_ORDER: wc:c5970d69530a932dfc:5402 => Preparando datos antes de crear la transacción en la base de datos => data: {"sessionId":"wc:sessionId:67d1888a6934c:5402","amount":40000,"returnUrl":"https:\/\/metaversotec.cl\/web\/?wc-api=wc_gateway_transbank_webpay_plus_rest","environment":"TEST","commerceCode":"597055555532"} [] []
2025-03-12 10:13:46 -03:00 > INFO > BUY_ORDER: wc:c5970d69530a932dfc:5402 => Transacción creada en la base de datos con estado "prepared" => data: {"sessionId":"wc:sessionId:67d1888a6934c:5402","amount":40000,"returnUrl":"https:\/\/metaversotec.cl\/web\/?wc-api=wc_gateway_transbank_webpay_plus_rest","environment":"TEST","commerceCode":"597055555532"} [] []
2025-03-12 10:13:46 -03:00 > INFO > BUY_ORDER: wc:c5970d69530a932dfc:5402 => Preparando datos antes de crear la transacción en Transbank => data: {"sessionId":"wc:sessionId:67d1888a6934c:5402","amount":40000,"returnUrl":"https:\/\/metaversotec.cl\/web\/?wc-api=wc_gateway_transbank_webpay_plus_rest","environment":"TEST","commerceCode":"597055555532"} [] []
2025-03-12 10:13:47 -03:00 > INFO > ORDER_ID: 5402 [] []
2025-03-12 10:13:47 -03:00 > INFO > INPUT: {"sessionId":"wc:sessionId:67d1888a6934c:5402","amount":40000,"returnUrl":"https:\/\/metaversotec.cl\/web\/?wc-api=wc_gateway_transbank_webpay_plus_rest"} => RESPONSE: {"token":"01ab66cb62e0d7fef0fb5ba1bf220890ff7d19963a55d0dcf4479c8735c9a3cb","url":"https:\/\/webpay3gint.transbank.cl\/webpayserver\/initTransaction"} [] []
2025-03-12 10:13:47 -03:00 > INFO > BUY_ORDER: wc:c5970d69530a932dfc:5402 => Transacción actualizada en la base de datos con estado "initialized" => data: {"sessionId":"wc:sessionId:67d1888a6934c:5402","amount":40000,"returnUrl":"https:\/\/metaversotec.cl\/web\/?wc-api=wc_gateway_transbank_webpay_plus_rest","environment":"TEST","commerceCode":"597055555532"} [] []
2025-03-12 10:14:35 -03:00 > INFO > Procesando retorno desde formulario de Webpay. [] []
2025-03-12 10:14:35 -03:00 > INFO > Request: method -> GET [] []
2025-03-12 10:14:35 -03:00 > INFO > Request: payload -> {"wc-api":"wc_gateway_transbank_webpay_plus_rest","token_ws":"01ab66cb62e0d7fef0fb5ba1bf220890ff7d19963a55d0dcf4479c8735c9a3cb"} [] []
2025-03-12 10:14:35 -03:00 > INFO > Flujo normal detectado, token: 01ab66cb62e0d7fef0fb5ba1bf220890ff7d19963a55d0dcf4479c8735c9a3cb [] []
2025-03-12 10:14:35 -03:00 > INFO > BUY_ORDER: wc:c5970d69530a932dfc:5402 => Preparando datos antes de hacer commit a la transacción en Transbank => data: {"token":"01ab66cb62e0d7fef0fb5ba1bf220890ff7d19963a55d0dcf4479c8735c9a3cb","environment":"TEST","commerceCode":"597055555532"} [] []
2025-03-12 10:14:40 -03:00 > INFO > ORDER_ID: 5402 [] []
2025-03-12 10:14:40 -03:00 > INFO > INPUT: {"token":"01ab66cb62e0d7fef0fb5ba1bf220890ff7d19963a55d0dcf4479c8735c9a3cb"} => RESPONSE: {"vci":"TSY","status":"AUTHORIZED","responseCode":0,"amount":40000,"authorizationCode":"1415","paymentTypeCode":"VD","accountingDate":"0312","installmentsNumber":0,"installmentsAmount":null,"sessionId":"wc:sessionId:67d1888a6934c:5402","buyOrder":"wc:c5970d69530a932dfc:5402","cardNumber":"7763","cardDetail":{"card_number":"7763"},"transactionDate":"2025-03-12T13:13:47.520Z","balance":null} [] []
2025-03-12 10:14:40 -03:00 > INFO > BUY_ORDER: wc:c5970d69530a932dfc:5402 => ***** COMMIT TBK OK ***** SI NO SE ENCUENTRA VALIDACION POR WooCommerce DEBE ANULARSE => data: {"token":"01ab66cb62e0d7fef0fb5ba1bf220890ff7d19963a55d0dcf4479c8735c9a3cb","response":{"vci":"TSY","status":"AUTHORIZED","responseCode":0,"amount":40000,"authorizationCode":"1415","paymentTypeCode":"VD","accountingDate":"0312","installmentsNumber":0,"installmentsAmount":null,"sessionId":"wc:sessionId:67d1888a6934c:5402","buyOrder":"wc:c5970d69530a932dfc:5402","cardNumber":"7763","cardDetail":{"card_number":"7763"},"transactionDate":"2025-03-12T13:13:47.520Z","balance":null},"environment":"TEST","commerceCode":"597055555532"} [] []
2025-03-12 10:14:40 -03:00 > INFO > C.5. Transacción con commit exitoso en Transbank y guardado => OC: wc:c5970d69530a932dfc:5402 [] []
2025-03-12 11:50:13 -03:00 > INFO > BUY_ORDER: wc:b9613d88289cb8ccd0:5403 => Preparando datos antes de crear la transacción en la base de datos => data: {"sessionId":"wc:sessionId:67d19f25852c5:5403","amount":120000,"returnUrl":"https:\/\/metaversotec.cl\/web\/?wc-api=wc_gateway_transbank_webpay_plus_rest","environment":"TEST","commerceCode":"597055555532"} [] []
2025-03-12 11:50:13 -03:00 > INFO > BUY_ORDER: wc:b9613d88289cb8ccd0:5403 => Transacción creada en la base de datos con estado "prepared" => data: {"sessionId":"wc:sessionId:67d19f25852c5:5403","amount":120000,"returnUrl":"https:\/\/metaversotec.cl\/web\/?wc-api=wc_gateway_transbank_webpay_plus_rest","environment":"TEST","commerceCode":"597055555532"} [] []
2025-03-12 11:50:13 -03:00 > INFO > BUY_ORDER: wc:b9613d88289cb8ccd0:5403 => Preparando datos antes de crear la transacción en Transbank => data: {"sessionId":"wc:sessionId:67d19f25852c5:5403","amount":120000,"returnUrl":"https:\/\/metaversotec.cl\/web\/?wc-api=wc_gateway_transbank_webpay_plus_rest","environment":"TEST","commerceCode":"597055555532"} [] []
2025-03-12 11:50:14 -03:00 > INFO > ORDER_ID: 5403 [] []
2025-03-12 11:50:14 -03:00 > INFO > INPUT: {"sessionId":"wc:sessionId:67d19f25852c5:5403","amount":120000,"returnUrl":"https:\/\/metaversotec.cl\/web\/?wc-api=wc_gateway_transbank_webpay_plus_rest"} => RESPONSE: {"token":"01ab86981e69ee5704c0e02136b150b10881efe9ecafe01b42a89ecf0ed5a46f","url":"https:\/\/webpay3gint.transbank.cl\/webpayserver\/initTransaction"} [] []
2025-03-12 11:50:14 -03:00 > INFO > BUY_ORDER: wc:b9613d88289cb8ccd0:5403 => Transacción actualizada en la base de datos con estado "initialized" => data: {"sessionId":"wc:sessionId:67d19f25852c5:5403","amount":120000,"returnUrl":"https:\/\/metaversotec.cl\/web\/?wc-api=wc_gateway_transbank_webpay_plus_rest","environment":"TEST","commerceCode":"597055555532"} [] []
2025-03-12 11:51:23 -03:00 > INFO > Procesando retorno desde formulario de Webpay. [] []
2025-03-12 11:51:23 -03:00 > INFO > Request: method -> GET [] []
2025-03-12 11:51:23 -03:00 > INFO > Request: payload -> {"wc-api":"wc_gateway_transbank_webpay_plus_rest","token_ws":"01ab86981e69ee5704c0e02136b150b10881efe9ecafe01b42a89ecf0ed5a46f"} [] []
2025-03-12 11:51:23 -03:00 > INFO > Flujo normal detectado, token: 01ab86981e69ee5704c0e02136b150b10881efe9ecafe01b42a89ecf0ed5a46f [] []
2025-03-12 11:51:23 -03:00 > INFO > BUY_ORDER: wc:b9613d88289cb8ccd0:5403 => Preparando datos antes de hacer commit a la transacción en Transbank => data: {"token":"01ab86981e69ee5704c0e02136b150b10881efe9ecafe01b42a89ecf0ed5a46f","environment":"TEST","commerceCode":"597055555532"} [] []
2025-03-12 11:51:29 -03:00 > INFO > ORDER_ID: 5403 [] []
2025-03-12 11:51:29 -03:00 > INFO > INPUT: {"token":"01ab86981e69ee5704c0e02136b150b10881efe9ecafe01b42a89ecf0ed5a46f"} => RESPONSE: {"vci":"TSY","status":"AUTHORIZED","responseCode":0,"amount":120000,"authorizationCode":"1415","paymentTypeCode":"VD","accountingDate":"0312","installmentsNumber":0,"installmentsAmount":null,"sessionId":"wc:sessionId:67d19f25852c5:5403","buyOrder":"wc:b9613d88289cb8ccd0:5403","cardNumber":"7763","cardDetail":{"card_number":"7763"},"transactionDate":"2025-03-12T14:50:14.636Z","balance":null} [] []
2025-03-12 11:51:29 -03:00 > INFO > BUY_ORDER: wc:b9613d88289cb8ccd0:5403 => ***** COMMIT TBK OK ***** SI NO SE ENCUENTRA VALIDACION POR WooCommerce DEBE ANULARSE => data: {"token":"01ab86981e69ee5704c0e02136b150b10881efe9ecafe01b42a89ecf0ed5a46f","response":{"vci":"TSY","status":"AUTHORIZED","responseCode":0,"amount":120000,"authorizationCode":"1415","paymentTypeCode":"VD","accountingDate":"0312","installmentsNumber":0,"installmentsAmount":null,"sessionId":"wc:sessionId:67d19f25852c5:5403","buyOrder":"wc:b9613d88289cb8ccd0:5403","cardNumber":"7763","cardDetail":{"card_number":"7763"},"transactionDate":"2025-03-12T14:50:14.636Z","balance":null},"environment":"TEST","commerceCode":"597055555532"} [] []
2025-03-12 11:51:29 -03:00 > INFO > C.5. Transacción con commit exitoso en Transbank y guardado => OC: wc:b9613d88289cb8ccd0:5403 [] []
