2025-01-21 12:49:23 -03:00 > INFO > BUY_ORDER: wc:2c0c7b124e49f312df:4649 => Preparando datos antes de crear la transacción en la base de datos => data: {"sessionId":"wc:sessionId:678fc2030237b:4649","amount":120000,"returnUrl":"https:\/\/metaversotec.cl\/web\/?wc-api=wc_gateway_transbank_webpay_plus_rest","environment":"TEST","commerceCode":"597055555532"} [] []
2025-01-21 12:49:23 -03:00 > INFO > BUY_ORDER: wc:2c0c7b124e49f312df:4649 => Transacción creada en la base de datos con estado "prepared" => data: {"sessionId":"wc:sessionId:678fc2030237b:4649","amount":120000,"returnUrl":"https:\/\/metaversotec.cl\/web\/?wc-api=wc_gateway_transbank_webpay_plus_rest","environment":"TEST","commerceCode":"597055555532"} [] []
2025-01-21 12:49:23 -03:00 > INFO > BUY_ORDER: wc:2c0c7b124e49f312df:4649 => Preparando datos antes de crear la transacción en Transbank => data: {"sessionId":"wc:sessionId:678fc2030237b:4649","amount":120000,"returnUrl":"https:\/\/metaversotec.cl\/web\/?wc-api=wc_gateway_transbank_webpay_plus_rest","environment":"TEST","commerceCode":"597055555532"} [] []
2025-01-21 12:49:23 -03:00 > INFO > ORDER_ID: 4649 [] []
2025-01-21 12:49:23 -03:00 > INFO > INPUT: {"sessionId":"wc:sessionId:678fc2030237b:4649","amount":120000,"returnUrl":"https:\/\/metaversotec.cl\/web\/?wc-api=wc_gateway_transbank_webpay_plus_rest"} => RESPONSE: {"token":"01ab11018349ffd7cd8b2cfe2c016e604fef7b4ed5000246a83fc9ba8fbd00bf","url":"https:\/\/webpay3gint.transbank.cl\/webpayserver\/initTransaction"} [] []
2025-01-21 12:49:23 -03:00 > INFO > BUY_ORDER: wc:2c0c7b124e49f312df:4649 => Transacción actualizada en la base de datos con estado "initialized" => data: {"sessionId":"wc:sessionId:678fc2030237b:4649","amount":120000,"returnUrl":"https:\/\/metaversotec.cl\/web\/?wc-api=wc_gateway_transbank_webpay_plus_rest","environment":"TEST","commerceCode":"597055555532"} [] []
2025-01-21 12:59:29 -03:00 > INFO > Procesando retorno desde formulario de Webpay. [] []
2025-01-21 12:59:29 -03:00 > INFO > Request: method -> GET [] []
2025-01-21 12:59:29 -03:00 > INFO > Request: payload -> {"wc-api":"wc_gateway_transbank_webpay_plus_rest","TBK_ORDEN_COMPRA":"wc:2c0c7b124e49f312df:4649","TBK_ID_SESION":"wc:sessionId:678fc2030237b:4649"} [] []
2025-01-21 12:59:29 -03:00 > INFO > Flujo de timeout detectado, sessionId: wc:sessionId:678fc2030237b:4649, buyOrder: wc:2c0c7b124e49f312df:4649 [] []
2025-01-21 12:59:29 -03:00 > ERROR > ORDER_ID: 4649, SERVICE: commit [] []
2025-01-21 12:59:29 -03:00 > ERROR > INPUT: {"TBK_ID_SESION":"wc:sessionId:678fc2030237b:4649","TBK_ORDEN_COMPRA":"wc:2c0c7b124e49f312df:4649"} => EXCEPTION: TimeoutWebpayException , ERROR: Tiempo excedido en el formulario de Webpay. [] []
2025-01-21 13:07:07 -03:00 > INFO > BUY_ORDER: wc:ac9cd72eda90d4678a:4649 => Preparando datos antes de crear la transacción en la base de datos => data: {"sessionId":"wc:sessionId:678fc62b2dc3a:4649","amount":120000,"returnUrl":"https:\/\/metaversotec.cl\/web\/?wc-api=wc_gateway_transbank_webpay_plus_rest","environment":"TEST","commerceCode":"597055555532"} [] []
2025-01-21 13:07:07 -03:00 > INFO > BUY_ORDER: wc:ac9cd72eda90d4678a:4649 => Transacción creada en la base de datos con estado "prepared" => data: {"sessionId":"wc:sessionId:678fc62b2dc3a:4649","amount":120000,"returnUrl":"https:\/\/metaversotec.cl\/web\/?wc-api=wc_gateway_transbank_webpay_plus_rest","environment":"TEST","commerceCode":"597055555532"} [] []
2025-01-21 13:07:07 -03:00 > INFO > BUY_ORDER: wc:ac9cd72eda90d4678a:4649 => Preparando datos antes de crear la transacción en Transbank => data: {"sessionId":"wc:sessionId:678fc62b2dc3a:4649","amount":120000,"returnUrl":"https:\/\/metaversotec.cl\/web\/?wc-api=wc_gateway_transbank_webpay_plus_rest","environment":"TEST","commerceCode":"597055555532"} [] []
2025-01-21 13:07:07 -03:00 > INFO > ORDER_ID: 4649 [] []
2025-01-21 13:07:07 -03:00 > INFO > INPUT: {"sessionId":"wc:sessionId:678fc62b2dc3a:4649","amount":120000,"returnUrl":"https:\/\/metaversotec.cl\/web\/?wc-api=wc_gateway_transbank_webpay_plus_rest"} => RESPONSE: {"token":"01abd289e96d523ef691b2cb5e5d6d4ebcc5271589c0343dfba221c9aacd7270","url":"https:\/\/webpay3gint.transbank.cl\/webpayserver\/initTransaction"} [] []
2025-01-21 13:07:07 -03:00 > INFO > BUY_ORDER: wc:ac9cd72eda90d4678a:4649 => Transacción actualizada en la base de datos con estado "initialized" => data: {"sessionId":"wc:sessionId:678fc62b2dc3a:4649","amount":120000,"returnUrl":"https:\/\/metaversotec.cl\/web\/?wc-api=wc_gateway_transbank_webpay_plus_rest","environment":"TEST","commerceCode":"597055555532"} [] []
2025-01-21 13:07:45 -03:00 > INFO > Procesando retorno desde formulario de Webpay. [] []
2025-01-21 13:07:45 -03:00 > INFO > Request: method -> GET [] []
2025-01-21 13:07:45 -03:00 > INFO > Request: payload -> {"wc-api":"wc_gateway_transbank_webpay_plus_rest","token_ws":"01abd289e96d523ef691b2cb5e5d6d4ebcc5271589c0343dfba221c9aacd7270"} [] []
2025-01-21 13:07:45 -03:00 > INFO > Flujo normal detectado, token: 01abd289e96d523ef691b2cb5e5d6d4ebcc5271589c0343dfba221c9aacd7270 [] []
2025-01-21 13:07:45 -03:00 > INFO > BUY_ORDER: wc:ac9cd72eda90d4678a:4649 => Preparando datos antes de hacer commit a la transacción en Transbank => data: {"token":"01abd289e96d523ef691b2cb5e5d6d4ebcc5271589c0343dfba221c9aacd7270","environment":"TEST","commerceCode":"597055555532"} [] []
2025-01-21 13:07:50 -03:00 > INFO > ORDER_ID: 4649 [] []
2025-01-21 13:07:50 -03:00 > INFO > INPUT: {"token":"01abd289e96d523ef691b2cb5e5d6d4ebcc5271589c0343dfba221c9aacd7270"} => RESPONSE: {"vci":"TSY","status":"AUTHORIZED","responseCode":0,"amount":120000,"authorizationCode":"1415","paymentTypeCode":"VD","accountingDate":"0121","installmentsNumber":0,"installmentsAmount":null,"sessionId":"wc:sessionId:678fc62b2dc3a:4649","buyOrder":"wc:ac9cd72eda90d4678a:4649","cardNumber":"7763","cardDetail":{"card_number":"7763"},"transactionDate":"2025-01-21T16:07:08.718Z","balance":null} [] []
2025-01-21 13:07:50 -03:00 > INFO > BUY_ORDER: wc:ac9cd72eda90d4678a:4649 => ***** COMMIT TBK OK ***** SI NO SE ENCUENTRA VALIDACION POR WooCommerce DEBE ANULARSE => data: {"token":"01abd289e96d523ef691b2cb5e5d6d4ebcc5271589c0343dfba221c9aacd7270","response":{"vci":"TSY","status":"AUTHORIZED","responseCode":0,"amount":120000,"authorizationCode":"1415","paymentTypeCode":"VD","accountingDate":"0121","installmentsNumber":0,"installmentsAmount":null,"sessionId":"wc:sessionId:678fc62b2dc3a:4649","buyOrder":"wc:ac9cd72eda90d4678a:4649","cardNumber":"7763","cardDetail":{"card_number":"7763"},"transactionDate":"2025-01-21T16:07:08.718Z","balance":null},"environment":"TEST","commerceCode":"597055555532"} [] []
2025-01-21 13:07:50 -03:00 > INFO > C.5. Transacción con commit exitoso en Transbank y guardado => OC: wc:ac9cd72eda90d4678a:4649 [] []
