2025-04-09 12:41:43 -03:00 > INFO > BUY_ORDER: wc:9c239e01007b26a68e:5862 => Preparando datos antes de crear la transacción en la base de datos => data: {"sessionId":"wc:sessionId:67f695376fdec:5862","amount":40000,"returnUrl":"https:\/\/metaversotec.cl\/web\/?wc-api=wc_gateway_transbank_webpay_plus_rest","environment":"TEST","commerceCode":"597055555532"} [] []
2025-04-09 12:41:43 -03:00 > INFO > BUY_ORDER: wc:9c239e01007b26a68e:5862 => Transacción creada en la base de datos con estado "prepared" => data: {"sessionId":"wc:sessionId:67f695376fdec:5862","amount":40000,"returnUrl":"https:\/\/metaversotec.cl\/web\/?wc-api=wc_gateway_transbank_webpay_plus_rest","environment":"TEST","commerceCode":"597055555532"} [] []
2025-04-09 12:41:43 -03:00 > INFO > BUY_ORDER: wc:9c239e01007b26a68e:5862 => Preparando datos antes de crear la transacción en Transbank => data: {"sessionId":"wc:sessionId:67f695376fdec:5862","amount":40000,"returnUrl":"https:\/\/metaversotec.cl\/web\/?wc-api=wc_gateway_transbank_webpay_plus_rest","environment":"TEST","commerceCode":"597055555532"} [] []
2025-04-09 12:41:44 -03:00 > INFO > ORDER_ID: 5862 [] []
2025-04-09 12:41:44 -03:00 > INFO > INPUT: {"sessionId":"wc:sessionId:67f695376fdec:5862","amount":40000,"returnUrl":"https:\/\/metaversotec.cl\/web\/?wc-api=wc_gateway_transbank_webpay_plus_rest"} => RESPONSE: {"token":"01abcb1eba00f70189a47221218bec82f15f612bec6cf242188aa1e6d96ad336","url":"https:\/\/webpay3gint.transbank.cl\/webpayserver\/initTransaction"} [] []
2025-04-09 12:41:44 -03:00 > INFO > BUY_ORDER: wc:9c239e01007b26a68e:5862 => Transacción actualizada en la base de datos con estado "initialized" => data: {"sessionId":"wc:sessionId:67f695376fdec:5862","amount":40000,"returnUrl":"https:\/\/metaversotec.cl\/web\/?wc-api=wc_gateway_transbank_webpay_plus_rest","environment":"TEST","commerceCode":"597055555532"} [] []
2025-04-09 12:42:11 -03:00 > INFO > Procesando retorno desde formulario de Webpay. [] []
2025-04-09 12:42:11 -03:00 > INFO > Request: method -> GET [] []
2025-04-09 12:42:11 -03:00 > INFO > Request: payload -> {"wc-api":"wc_gateway_transbank_webpay_plus_rest","token_ws":"01abcb1eba00f70189a47221218bec82f15f612bec6cf242188aa1e6d96ad336"} [] []
2025-04-09 12:42:11 -03:00 > INFO > Flujo normal detectado, token: 01abcb1eba00f70189a47221218bec82f15f612bec6cf242188aa1e6d96ad336 [] []
2025-04-09 12:42:11 -03:00 > INFO > BUY_ORDER: wc:9c239e01007b26a68e:5862 => Preparando datos antes de hacer commit a la transacción en Transbank => data: {"token":"01abcb1eba00f70189a47221218bec82f15f612bec6cf242188aa1e6d96ad336","environment":"TEST","commerceCode":"597055555532"} [] []
2025-04-09 12:42:12 -03:00 > INFO > ORDER_ID: 5862 [] []
2025-04-09 12:42:12 -03:00 > INFO > INPUT: {"token":"01abcb1eba00f70189a47221218bec82f15f612bec6cf242188aa1e6d96ad336"} => RESPONSE: {"vci":"TSY","status":"FAILED","responseCode":-1,"amount":40000,"authorizationCode":"000000","paymentTypeCode":"VD","accountingDate":"0409","installmentsNumber":0,"installmentsAmount":null,"sessionId":"wc:sessionId:67f695376fdec:5862","buyOrder":"wc:9c239e01007b26a68e:5862","cardNumber":"3829","cardDetail":{"card_number":"3829"},"transactionDate":"2025-04-09T15:41:44.836Z","balance":null} [] []
2025-04-09 12:42:12 -03:00 > ERROR > ORDER_ID: 5862, SERVICE: commit [] []
2025-04-09 12:42:12 -03:00 > ERROR > INPUT: {"token":"01abcb1eba00f70189a47221218bec82f15f612bec6cf242188aa1e6d96ad336"} => EXCEPTION: RejectedCommitWebpayException , ERROR: El commit de la transacción ha sido rechazada en Transbank (código de respuesta: -1) [] []
2025-04-09 12:42:13 -03:00 > ERROR > C.5. Respuesta de tbk commit fallido => token: 01abcb1eba00f70189a47221218bec82f15f612bec6cf242188aa1e6d96ad336 [] []
2025-04-09 12:42:13 -03:00 > ERROR > {"vci":"TSY","status":"FAILED","responseCode":-1,"amount":40000,"authorizationCode":"000000","paymentTypeCode":"VD","accountingDate":"0409","installmentsNumber":0,"installmentsAmount":null,"sessionId":"wc:sessionId:67f695376fdec:5862","buyOrder":"wc:9c239e01007b26a68e:5862","cardNumber":"3829","cardDetail":{"card_number":"3829"},"transactionDate":"2025-04-09T15:41:44.836Z","balance":null} [] []
2025-04-09 12:42:30 -03:00 > INFO > BUY_ORDER: wc:c214c15b78716f4aed:5862 => Preparando datos antes de crear la transacción en la base de datos => data: {"sessionId":"wc:sessionId:67f69566d6186:5862","amount":40000,"returnUrl":"https:\/\/metaversotec.cl\/web\/?wc-api=wc_gateway_transbank_webpay_plus_rest","environment":"TEST","commerceCode":"597055555532"} [] []
2025-04-09 12:42:30 -03:00 > INFO > BUY_ORDER: wc:c214c15b78716f4aed:5862 => Transacción creada en la base de datos con estado "prepared" => data: {"sessionId":"wc:sessionId:67f69566d6186:5862","amount":40000,"returnUrl":"https:\/\/metaversotec.cl\/web\/?wc-api=wc_gateway_transbank_webpay_plus_rest","environment":"TEST","commerceCode":"597055555532"} [] []
2025-04-09 12:42:30 -03:00 > INFO > BUY_ORDER: wc:c214c15b78716f4aed:5862 => Preparando datos antes de crear la transacción en Transbank => data: {"sessionId":"wc:sessionId:67f69566d6186:5862","amount":40000,"returnUrl":"https:\/\/metaversotec.cl\/web\/?wc-api=wc_gateway_transbank_webpay_plus_rest","environment":"TEST","commerceCode":"597055555532"} [] []
2025-04-09 12:42:31 -03:00 > INFO > ORDER_ID: 5862 [] []
2025-04-09 12:42:31 -03:00 > INFO > INPUT: {"sessionId":"wc:sessionId:67f69566d6186:5862","amount":40000,"returnUrl":"https:\/\/metaversotec.cl\/web\/?wc-api=wc_gateway_transbank_webpay_plus_rest"} => RESPONSE: {"token":"01abde624c5b0f63d59b06c5b27f1a58eb31fce0b812adb320ba3b54912a9733","url":"https:\/\/webpay3gint.transbank.cl\/webpayserver\/initTransaction"} [] []
2025-04-09 12:42:31 -03:00 > INFO > BUY_ORDER: wc:c214c15b78716f4aed:5862 => Transacción actualizada en la base de datos con estado "initialized" => data: {"sessionId":"wc:sessionId:67f69566d6186:5862","amount":40000,"returnUrl":"https:\/\/metaversotec.cl\/web\/?wc-api=wc_gateway_transbank_webpay_plus_rest","environment":"TEST","commerceCode":"597055555532"} [] []
2025-04-09 12:42:56 -03:00 > INFO > Procesando retorno desde formulario de Webpay. [] []
2025-04-09 12:42:56 -03:00 > INFO > Request: method -> GET [] []
2025-04-09 12:42:56 -03:00 > INFO > Request: payload -> {"wc-api":"wc_gateway_transbank_webpay_plus_rest","token_ws":"01abde624c5b0f63d59b06c5b27f1a58eb31fce0b812adb320ba3b54912a9733"} [] []
2025-04-09 12:42:56 -03:00 > INFO > Flujo normal detectado, token: 01abde624c5b0f63d59b06c5b27f1a58eb31fce0b812adb320ba3b54912a9733 [] []
2025-04-09 12:42:56 -03:00 > INFO > BUY_ORDER: wc:c214c15b78716f4aed:5862 => Preparando datos antes de hacer commit a la transacción en Transbank => data: {"token":"01abde624c5b0f63d59b06c5b27f1a58eb31fce0b812adb320ba3b54912a9733","environment":"TEST","commerceCode":"597055555532"} [] []
2025-04-09 12:42:57 -03:00 > INFO > ORDER_ID: 5862 [] []
2025-04-09 12:42:57 -03:00 > INFO > INPUT: {"token":"01abde624c5b0f63d59b06c5b27f1a58eb31fce0b812adb320ba3b54912a9733"} => RESPONSE: {"vci":"TSY","status":"AUTHORIZED","responseCode":0,"amount":40000,"authorizationCode":"1819","paymentTypeCode":"VD","accountingDate":"0409","installmentsNumber":0,"installmentsAmount":null,"sessionId":"wc:sessionId:67f69566d6186:5862","buyOrder":"wc:c214c15b78716f4aed:5862","cardNumber":"7060","cardDetail":{"card_number":"7060"},"transactionDate":"2025-04-09T15:42:31.862Z","balance":null} [] []
2025-04-09 12:42:57 -03:00 > INFO > BUY_ORDER: wc:c214c15b78716f4aed:5862 => ***** COMMIT TBK OK ***** SI NO SE ENCUENTRA VALIDACION POR WooCommerce DEBE ANULARSE => data: {"token":"01abde624c5b0f63d59b06c5b27f1a58eb31fce0b812adb320ba3b54912a9733","response":{"vci":"TSY","status":"AUTHORIZED","responseCode":0,"amount":40000,"authorizationCode":"1819","paymentTypeCode":"VD","accountingDate":"0409","installmentsNumber":0,"installmentsAmount":null,"sessionId":"wc:sessionId:67f69566d6186:5862","buyOrder":"wc:c214c15b78716f4aed:5862","cardNumber":"7060","cardDetail":{"card_number":"7060"},"transactionDate":"2025-04-09T15:42:31.862Z","balance":null},"environment":"TEST","commerceCode":"597055555532"} [] []
2025-04-09 12:42:57 -03:00 > INFO > C.5. Transacción con commit exitoso en Transbank y guardado => OC: wc:c214c15b78716f4aed:5862 [] []
2025-04-09 12:50:22 -03:00 > INFO > BUY_ORDER: wc:81921f0c5ec3019940:5864 => Preparando datos antes de crear la transacción en la base de datos => data: {"sessionId":"wc:sessionId:67f6973e0c44b:5864","amount":40000,"returnUrl":"https:\/\/metaversotec.cl\/web\/?wc-api=wc_gateway_transbank_webpay_plus_rest","environment":"TEST","commerceCode":"597055555532"} [] []
2025-04-09 12:50:22 -03:00 > INFO > BUY_ORDER: wc:81921f0c5ec3019940:5864 => Transacción creada en la base de datos con estado "prepared" => data: {"sessionId":"wc:sessionId:67f6973e0c44b:5864","amount":40000,"returnUrl":"https:\/\/metaversotec.cl\/web\/?wc-api=wc_gateway_transbank_webpay_plus_rest","environment":"TEST","commerceCode":"597055555532"} [] []
2025-04-09 12:50:22 -03:00 > INFO > BUY_ORDER: wc:81921f0c5ec3019940:5864 => Preparando datos antes de crear la transacción en Transbank => data: {"sessionId":"wc:sessionId:67f6973e0c44b:5864","amount":40000,"returnUrl":"https:\/\/metaversotec.cl\/web\/?wc-api=wc_gateway_transbank_webpay_plus_rest","environment":"TEST","commerceCode":"597055555532"} [] []
2025-04-09 12:50:22 -03:00 > INFO > ORDER_ID: 5864 [] []
2025-04-09 12:50:22 -03:00 > INFO > INPUT: {"sessionId":"wc:sessionId:67f6973e0c44b:5864","amount":40000,"returnUrl":"https:\/\/metaversotec.cl\/web\/?wc-api=wc_gateway_transbank_webpay_plus_rest"} => RESPONSE: {"token":"01ab3c12a5a6a6d6de8a420c985a28b2e400841bf003e22e884f538d0f673a8e","url":"https:\/\/webpay3gint.transbank.cl\/webpayserver\/initTransaction"} [] []
2025-04-09 12:50:22 -03:00 > INFO > BUY_ORDER: wc:81921f0c5ec3019940:5864 => Transacción actualizada en la base de datos con estado "initialized" => data: {"sessionId":"wc:sessionId:67f6973e0c44b:5864","amount":40000,"returnUrl":"https:\/\/metaversotec.cl\/web\/?wc-api=wc_gateway_transbank_webpay_plus_rest","environment":"TEST","commerceCode":"597055555532"} [] []
2025-04-09 12:50:44 -03:00 > INFO > Procesando retorno desde formulario de Webpay. [] []
2025-04-09 12:50:44 -03:00 > INFO > Request: method -> GET [] []
2025-04-09 12:50:44 -03:00 > INFO > Request: payload -> {"wc-api":"wc_gateway_transbank_webpay_plus_rest","token_ws":"01ab3c12a5a6a6d6de8a420c985a28b2e400841bf003e22e884f538d0f673a8e"} [] []
2025-04-09 12:50:44 -03:00 > INFO > Flujo normal detectado, token: 01ab3c12a5a6a6d6de8a420c985a28b2e400841bf003e22e884f538d0f673a8e [] []
2025-04-09 12:50:44 -03:00 > INFO > BUY_ORDER: wc:81921f0c5ec3019940:5864 => Preparando datos antes de hacer commit a la transacción en Transbank => data: {"token":"01ab3c12a5a6a6d6de8a420c985a28b2e400841bf003e22e884f538d0f673a8e","environment":"TEST","commerceCode":"597055555532"} [] []
2025-04-09 12:50:45 -03:00 > INFO > ORDER_ID: 5864 [] []
2025-04-09 12:50:45 -03:00 > INFO > INPUT: {"token":"01ab3c12a5a6a6d6de8a420c985a28b2e400841bf003e22e884f538d0f673a8e"} => RESPONSE: {"vci":"TSY","status":"AUTHORIZED","responseCode":0,"amount":40000,"authorizationCode":"1819","paymentTypeCode":"VD","accountingDate":"0409","installmentsNumber":0,"installmentsAmount":null,"sessionId":"wc:sessionId:67f6973e0c44b:5864","buyOrder":"wc:81921f0c5ec3019940:5864","cardNumber":"7060","cardDetail":{"card_number":"7060"},"transactionDate":"2025-04-09T15:50:23.035Z","balance":null} [] []
2025-04-09 12:50:45 -03:00 > INFO > BUY_ORDER: wc:81921f0c5ec3019940:5864 => ***** COMMIT TBK OK ***** SI NO SE ENCUENTRA VALIDACION POR WooCommerce DEBE ANULARSE => data: {"token":"01ab3c12a5a6a6d6de8a420c985a28b2e400841bf003e22e884f538d0f673a8e","response":{"vci":"TSY","status":"AUTHORIZED","responseCode":0,"amount":40000,"authorizationCode":"1819","paymentTypeCode":"VD","accountingDate":"0409","installmentsNumber":0,"installmentsAmount":null,"sessionId":"wc:sessionId:67f6973e0c44b:5864","buyOrder":"wc:81921f0c5ec3019940:5864","cardNumber":"7060","cardDetail":{"card_number":"7060"},"transactionDate":"2025-04-09T15:50:23.035Z","balance":null},"environment":"TEST","commerceCode":"597055555532"} [] []
2025-04-09 12:50:45 -03:00 > INFO > C.5. Transacción con commit exitoso en Transbank y guardado => OC: wc:81921f0c5ec3019940:5864 [] []
