2025-04-16 18:03:38 -03:00 > INFO > BUY_ORDER: wc:15131d9adcacd52b21:6161 => Preparando datos antes de crear la transacción en la base de datos => data: {"sessionId":"wc:sessionId:68001b2a24a67:6161","amount":25000,"returnUrl":"https:\/\/metaversotec.cl\/web\/?wc-api=wc_gateway_transbank_webpay_plus_rest","environment":"TEST","commerceCode":"597055555532"} [] []
2025-04-16 18:03:38 -03:00 > INFO > BUY_ORDER: wc:15131d9adcacd52b21:6161 => Transacción creada en la base de datos con estado "prepared" => data: {"sessionId":"wc:sessionId:68001b2a24a67:6161","amount":25000,"returnUrl":"https:\/\/metaversotec.cl\/web\/?wc-api=wc_gateway_transbank_webpay_plus_rest","environment":"TEST","commerceCode":"597055555532"} [] []
2025-04-16 18:03:38 -03:00 > INFO > BUY_ORDER: wc:15131d9adcacd52b21:6161 => Preparando datos antes de crear la transacción en Transbank => data: {"sessionId":"wc:sessionId:68001b2a24a67:6161","amount":25000,"returnUrl":"https:\/\/metaversotec.cl\/web\/?wc-api=wc_gateway_transbank_webpay_plus_rest","environment":"TEST","commerceCode":"597055555532"} [] []
2025-04-16 18:03:39 -03:00 > INFO > ORDER_ID: 6161 [] []
2025-04-16 18:03:39 -03:00 > INFO > INPUT: {"sessionId":"wc:sessionId:68001b2a24a67:6161","amount":25000,"returnUrl":"https:\/\/metaversotec.cl\/web\/?wc-api=wc_gateway_transbank_webpay_plus_rest"} => RESPONSE: {"token":"01ab6d3ba91b2a6c9a0e5dce57ef3264fd4154f8152fbfe9aa13cbc8c064a376","url":"https:\/\/webpay3gint.transbank.cl\/webpayserver\/initTransaction"} [] []
2025-04-16 18:03:39 -03:00 > INFO > BUY_ORDER: wc:15131d9adcacd52b21:6161 => Transacción actualizada en la base de datos con estado "initialized" => data: {"sessionId":"wc:sessionId:68001b2a24a67:6161","amount":25000,"returnUrl":"https:\/\/metaversotec.cl\/web\/?wc-api=wc_gateway_transbank_webpay_plus_rest","environment":"TEST","commerceCode":"597055555532"} [] []
2025-04-16 18:04:19 -03:00 > INFO > Procesando retorno desde formulario de Webpay. [] []
2025-04-16 18:04:19 -03:00 > INFO > Request: method -> GET [] []
2025-04-16 18:04:19 -03:00 > INFO > Request: payload -> {"wc-api":"wc_gateway_transbank_webpay_plus_rest","token_ws":"01ab6d3ba91b2a6c9a0e5dce57ef3264fd4154f8152fbfe9aa13cbc8c064a376"} [] []
2025-04-16 18:04:19 -03:00 > INFO > Flujo normal detectado, token: 01ab6d3ba91b2a6c9a0e5dce57ef3264fd4154f8152fbfe9aa13cbc8c064a376 [] []
2025-04-16 18:04:19 -03:00 > INFO > BUY_ORDER: wc:15131d9adcacd52b21:6161 => Preparando datos antes de hacer commit a la transacción en Transbank => data: {"token":"01ab6d3ba91b2a6c9a0e5dce57ef3264fd4154f8152fbfe9aa13cbc8c064a376","environment":"TEST","commerceCode":"597055555532"} [] []
2025-04-16 18:04:20 -03:00 > INFO > ORDER_ID: 6161 [] []
2025-04-16 18:04:20 -03:00 > INFO > INPUT: {"token":"01ab6d3ba91b2a6c9a0e5dce57ef3264fd4154f8152fbfe9aa13cbc8c064a376"} => RESPONSE: {"vci":"TSY","status":"AUTHORIZED","responseCode":0,"amount":25000,"authorizationCode":"1415","paymentTypeCode":"VD","accountingDate":"0416","installmentsNumber":0,"installmentsAmount":null,"sessionId":"wc:sessionId:68001b2a24a67:6161","buyOrder":"wc:15131d9adcacd52b21:6161","cardNumber":"7763","cardDetail":{"card_number":"7763"},"transactionDate":"2025-04-16T21:03:40.100Z","balance":null} [] []
2025-04-16 18:04:20 -03:00 > INFO > BUY_ORDER: wc:15131d9adcacd52b21:6161 => ***** COMMIT TBK OK ***** SI NO SE ENCUENTRA VALIDACION POR WooCommerce DEBE ANULARSE => data: {"token":"01ab6d3ba91b2a6c9a0e5dce57ef3264fd4154f8152fbfe9aa13cbc8c064a376","response":{"vci":"TSY","status":"AUTHORIZED","responseCode":0,"amount":25000,"authorizationCode":"1415","paymentTypeCode":"VD","accountingDate":"0416","installmentsNumber":0,"installmentsAmount":null,"sessionId":"wc:sessionId:68001b2a24a67:6161","buyOrder":"wc:15131d9adcacd52b21:6161","cardNumber":"7763","cardDetail":{"card_number":"7763"},"transactionDate":"2025-04-16T21:03:40.100Z","balance":null},"environment":"TEST","commerceCode":"597055555532"} [] []
2025-04-16 18:04:20 -03:00 > INFO > C.5. Transacción con commit exitoso en Transbank y guardado => OC: wc:15131d9adcacd52b21:6161 [] []
2025-04-16 18:10:50 -03:00 > INFO > BUY_ORDER: wc:9a2fd26c6aca34bee3:6162 => Preparando datos antes de crear la transacción en la base de datos => data: {"sessionId":"wc:sessionId:68001cdaad46f:6162","amount":42000,"returnUrl":"https:\/\/metaversotec.cl\/web\/?wc-api=wc_gateway_transbank_webpay_plus_rest","environment":"TEST","commerceCode":"597055555532"} [] []
2025-04-16 18:10:50 -03:00 > INFO > BUY_ORDER: wc:9a2fd26c6aca34bee3:6162 => Transacción creada en la base de datos con estado "prepared" => data: {"sessionId":"wc:sessionId:68001cdaad46f:6162","amount":42000,"returnUrl":"https:\/\/metaversotec.cl\/web\/?wc-api=wc_gateway_transbank_webpay_plus_rest","environment":"TEST","commerceCode":"597055555532"} [] []
2025-04-16 18:10:50 -03:00 > INFO > BUY_ORDER: wc:9a2fd26c6aca34bee3:6162 => Preparando datos antes de crear la transacción en Transbank => data: {"sessionId":"wc:sessionId:68001cdaad46f:6162","amount":42000,"returnUrl":"https:\/\/metaversotec.cl\/web\/?wc-api=wc_gateway_transbank_webpay_plus_rest","environment":"TEST","commerceCode":"597055555532"} [] []
2025-04-16 18:10:51 -03:00 > INFO > ORDER_ID: 6162 [] []
2025-04-16 18:10:51 -03:00 > INFO > INPUT: {"sessionId":"wc:sessionId:68001cdaad46f:6162","amount":42000,"returnUrl":"https:\/\/metaversotec.cl\/web\/?wc-api=wc_gateway_transbank_webpay_plus_rest"} => RESPONSE: {"token":"01ab8bf9bd9b1af21b8fa0e85a4848874d545720afc7a4f449d5b11ea9a08d10","url":"https:\/\/webpay3gint.transbank.cl\/webpayserver\/initTransaction"} [] []
2025-04-16 18:10:51 -03:00 > INFO > BUY_ORDER: wc:9a2fd26c6aca34bee3:6162 => Transacción actualizada en la base de datos con estado "initialized" => data: {"sessionId":"wc:sessionId:68001cdaad46f:6162","amount":42000,"returnUrl":"https:\/\/metaversotec.cl\/web\/?wc-api=wc_gateway_transbank_webpay_plus_rest","environment":"TEST","commerceCode":"597055555532"} [] []
2025-04-16 18:11:38 -03:00 > INFO > Procesando retorno desde formulario de Webpay. [] []
2025-04-16 18:11:38 -03:00 > INFO > Request: method -> GET [] []
2025-04-16 18:11:38 -03:00 > INFO > Request: payload -> {"wc-api":"wc_gateway_transbank_webpay_plus_rest","token_ws":"01ab8bf9bd9b1af21b8fa0e85a4848874d545720afc7a4f449d5b11ea9a08d10"} [] []
2025-04-16 18:11:38 -03:00 > INFO > Flujo normal detectado, token: 01ab8bf9bd9b1af21b8fa0e85a4848874d545720afc7a4f449d5b11ea9a08d10 [] []
2025-04-16 18:11:38 -03:00 > INFO > BUY_ORDER: wc:9a2fd26c6aca34bee3:6162 => Preparando datos antes de hacer commit a la transacción en Transbank => data: {"token":"01ab8bf9bd9b1af21b8fa0e85a4848874d545720afc7a4f449d5b11ea9a08d10","environment":"TEST","commerceCode":"597055555532"} [] []
2025-04-16 18:11:39 -03:00 > INFO > ORDER_ID: 6162 [] []
2025-04-16 18:11:39 -03:00 > INFO > INPUT: {"token":"01ab8bf9bd9b1af21b8fa0e85a4848874d545720afc7a4f449d5b11ea9a08d10"} => RESPONSE: {"vci":"TSY","status":"AUTHORIZED","responseCode":0,"amount":42000,"authorizationCode":"1415","paymentTypeCode":"VD","accountingDate":"0416","installmentsNumber":0,"installmentsAmount":null,"sessionId":"wc:sessionId:68001cdaad46f:6162","buyOrder":"wc:9a2fd26c6aca34bee3:6162","cardNumber":"7763","cardDetail":{"card_number":"7763"},"transactionDate":"2025-04-16T21:10:52.338Z","balance":null} [] []
2025-04-16 18:11:39 -03:00 > INFO > BUY_ORDER: wc:9a2fd26c6aca34bee3:6162 => ***** COMMIT TBK OK ***** SI NO SE ENCUENTRA VALIDACION POR WooCommerce DEBE ANULARSE => data: {"token":"01ab8bf9bd9b1af21b8fa0e85a4848874d545720afc7a4f449d5b11ea9a08d10","response":{"vci":"TSY","status":"AUTHORIZED","responseCode":0,"amount":42000,"authorizationCode":"1415","paymentTypeCode":"VD","accountingDate":"0416","installmentsNumber":0,"installmentsAmount":null,"sessionId":"wc:sessionId:68001cdaad46f:6162","buyOrder":"wc:9a2fd26c6aca34bee3:6162","cardNumber":"7763","cardDetail":{"card_number":"7763"},"transactionDate":"2025-04-16T21:10:52.338Z","balance":null},"environment":"TEST","commerceCode":"597055555532"} [] []
2025-04-16 18:11:39 -03:00 > INFO > C.5. Transacción con commit exitoso en Transbank y guardado => OC: wc:9a2fd26c6aca34bee3:6162 [] []
2025-04-16 18:33:06 -03:00 > INFO > BUY_ORDER: wc:79278ff1fead393d69:6163 => Preparando datos antes de crear la transacción en la base de datos => data: {"sessionId":"wc:sessionId:6800221252c9b:6163","amount":42000,"returnUrl":"https:\/\/metaversotec.cl\/web\/?wc-api=wc_gateway_transbank_webpay_plus_rest","environment":"TEST","commerceCode":"597055555532"} [] []
2025-04-16 18:33:06 -03:00 > INFO > BUY_ORDER: wc:79278ff1fead393d69:6163 => Transacción creada en la base de datos con estado "prepared" => data: {"sessionId":"wc:sessionId:6800221252c9b:6163","amount":42000,"returnUrl":"https:\/\/metaversotec.cl\/web\/?wc-api=wc_gateway_transbank_webpay_plus_rest","environment":"TEST","commerceCode":"597055555532"} [] []
2025-04-16 18:33:06 -03:00 > INFO > BUY_ORDER: wc:79278ff1fead393d69:6163 => Preparando datos antes de crear la transacción en Transbank => data: {"sessionId":"wc:sessionId:6800221252c9b:6163","amount":42000,"returnUrl":"https:\/\/metaversotec.cl\/web\/?wc-api=wc_gateway_transbank_webpay_plus_rest","environment":"TEST","commerceCode":"597055555532"} [] []
2025-04-16 18:33:07 -03:00 > INFO > ORDER_ID: 6163 [] []
2025-04-16 18:33:07 -03:00 > INFO > INPUT: {"sessionId":"wc:sessionId:6800221252c9b:6163","amount":42000,"returnUrl":"https:\/\/metaversotec.cl\/web\/?wc-api=wc_gateway_transbank_webpay_plus_rest"} => RESPONSE: {"token":"01ab444f42e2b7897801fa3a6477e7122249a0ab78c9bad0ccf8ceae7aa081b1","url":"https:\/\/webpay3gint.transbank.cl\/webpayserver\/initTransaction"} [] []
2025-04-16 18:33:07 -03:00 > INFO > BUY_ORDER: wc:79278ff1fead393d69:6163 => Transacción actualizada en la base de datos con estado "initialized" => data: {"sessionId":"wc:sessionId:6800221252c9b:6163","amount":42000,"returnUrl":"https:\/\/metaversotec.cl\/web\/?wc-api=wc_gateway_transbank_webpay_plus_rest","environment":"TEST","commerceCode":"597055555532"} [] []
2025-04-16 18:33:39 -03:00 > INFO > Procesando retorno desde formulario de Webpay. [] []
2025-04-16 18:33:39 -03:00 > INFO > Request: method -> GET [] []
2025-04-16 18:33:39 -03:00 > INFO > Request: payload -> {"wc-api":"wc_gateway_transbank_webpay_plus_rest","token_ws":"01ab444f42e2b7897801fa3a6477e7122249a0ab78c9bad0ccf8ceae7aa081b1"} [] []
2025-04-16 18:33:39 -03:00 > INFO > Flujo normal detectado, token: 01ab444f42e2b7897801fa3a6477e7122249a0ab78c9bad0ccf8ceae7aa081b1 [] []
2025-04-16 18:33:39 -03:00 > INFO > BUY_ORDER: wc:79278ff1fead393d69:6163 => Preparando datos antes de hacer commit a la transacción en Transbank => data: {"token":"01ab444f42e2b7897801fa3a6477e7122249a0ab78c9bad0ccf8ceae7aa081b1","environment":"TEST","commerceCode":"597055555532"} [] []
2025-04-16 18:33:39 -03:00 > INFO > ORDER_ID: 6163 [] []
2025-04-16 18:33:39 -03:00 > INFO > INPUT: {"token":"01ab444f42e2b7897801fa3a6477e7122249a0ab78c9bad0ccf8ceae7aa081b1"} => RESPONSE: {"vci":"TSY","status":"AUTHORIZED","responseCode":0,"amount":42000,"authorizationCode":"1415","paymentTypeCode":"VD","accountingDate":"0416","installmentsNumber":0,"installmentsAmount":null,"sessionId":"wc:sessionId:6800221252c9b:6163","buyOrder":"wc:79278ff1fead393d69:6163","cardNumber":"7763","cardDetail":{"card_number":"7763"},"transactionDate":"2025-04-16T21:33:07.985Z","balance":null} [] []
2025-04-16 18:33:39 -03:00 > INFO > BUY_ORDER: wc:79278ff1fead393d69:6163 => ***** COMMIT TBK OK ***** SI NO SE ENCUENTRA VALIDACION POR WooCommerce DEBE ANULARSE => data: {"token":"01ab444f42e2b7897801fa3a6477e7122249a0ab78c9bad0ccf8ceae7aa081b1","response":{"vci":"TSY","status":"AUTHORIZED","responseCode":0,"amount":42000,"authorizationCode":"1415","paymentTypeCode":"VD","accountingDate":"0416","installmentsNumber":0,"installmentsAmount":null,"sessionId":"wc:sessionId:6800221252c9b:6163","buyOrder":"wc:79278ff1fead393d69:6163","cardNumber":"7763","cardDetail":{"card_number":"7763"},"transactionDate":"2025-04-16T21:33:07.985Z","balance":null},"environment":"TEST","commerceCode":"597055555532"} [] []
2025-04-16 18:33:39 -03:00 > INFO > C.5. Transacción con commit exitoso en Transbank y guardado => OC: wc:79278ff1fead393d69:6163 [] []
