2025-05-13 21:17:16 -03:00 > INFO > BUY_ORDER: wc:56cc093517133bd5f9:6597 => Preparando datos antes de crear la transacción en la base de datos => data: {"sessionId":"wc:sessionId:6823e10c49c54:6597","amount":35000,"returnUrl":"https:\/\/metaversotec.cl\/web\/?wc-api=wc_gateway_transbank_webpay_plus_rest","environment":"TEST","commerceCode":"597055555532"} [] []
2025-05-13 21:17:16 -03:00 > INFO > BUY_ORDER: wc:56cc093517133bd5f9:6597 => Transacción creada en la base de datos con estado "prepared" => data: {"sessionId":"wc:sessionId:6823e10c49c54:6597","amount":35000,"returnUrl":"https:\/\/metaversotec.cl\/web\/?wc-api=wc_gateway_transbank_webpay_plus_rest","environment":"TEST","commerceCode":"597055555532"} [] []
2025-05-13 21:17:16 -03:00 > INFO > BUY_ORDER: wc:56cc093517133bd5f9:6597 => Preparando datos antes de crear la transacción en Transbank => data: {"sessionId":"wc:sessionId:6823e10c49c54:6597","amount":35000,"returnUrl":"https:\/\/metaversotec.cl\/web\/?wc-api=wc_gateway_transbank_webpay_plus_rest","environment":"TEST","commerceCode":"597055555532"} [] []
2025-05-13 21:17:17 -03:00 > INFO > ORDER_ID: 6597 [] []
2025-05-13 21:17:17 -03:00 > INFO > INPUT: {"sessionId":"wc:sessionId:6823e10c49c54:6597","amount":35000,"returnUrl":"https:\/\/metaversotec.cl\/web\/?wc-api=wc_gateway_transbank_webpay_plus_rest"} => RESPONSE: {"token":"01ab55bf1f3c625b10d4a5cd98ffce87a174bdf66e5833056b64d4d99dcd6b41","url":"https:\/\/webpay3gint.transbank.cl\/webpayserver\/initTransaction"} [] []
2025-05-13 21:17:17 -03:00 > INFO > BUY_ORDER: wc:56cc093517133bd5f9:6597 => Transacción actualizada en la base de datos con estado "initialized" => data: {"sessionId":"wc:sessionId:6823e10c49c54:6597","amount":35000,"returnUrl":"https:\/\/metaversotec.cl\/web\/?wc-api=wc_gateway_transbank_webpay_plus_rest","environment":"TEST","commerceCode":"597055555532"} [] []
2025-05-13 21:19:23 -03:00 > INFO > Procesando retorno desde formulario de Webpay. [] []
2025-05-13 21:19:23 -03:00 > INFO > Request: method -> GET [] []
2025-05-13 21:19:23 -03:00 > INFO > Request: payload -> {"wc-api":"wc_gateway_transbank_webpay_plus_rest","TBK_TOKEN":"01ab55bf1f3c625b10d4a5cd98ffce87a174bdf66e5833056b64d4d99dcd6b41","TBK_ORDEN_COMPRA":"wc:56cc093517133bd5f9:6597","TBK_ID_SESION":"wc:sessionId:6823e10c49c54:6597"} [] []
2025-05-13 21:19:23 -03:00 > INFO > Flujo de pago abortado detectado, token: 01ab55bf1f3c625b10d4a5cd98ffce87a174bdf66e5833056b64d4d99dcd6b41 [] []
2025-05-13 21:19:23 -03:00 > ERROR > ORDER_ID: 6597, SERVICE: commit [] []
2025-05-13 21:19:23 -03:00 > ERROR > INPUT: "01ab55bf1f3c625b10d4a5cd98ffce87a174bdf66e5833056b64d4d99dcd6b41" => EXCEPTION: UserCancelWebpayException , ERROR: Orden anulada por el usuario. [] []
2025-05-13 21:20:25 -03:00 > INFO > BUY_ORDER: wc:10ea8802d4ee47f772:6598 => Preparando datos antes de crear la transacción en la base de datos => data: {"sessionId":"wc:sessionId:6823e1c9c74dd:6598","amount":35000,"returnUrl":"https:\/\/metaversotec.cl\/web\/?wc-api=wc_gateway_transbank_webpay_plus_rest","environment":"TEST","commerceCode":"597055555532"} [] []
2025-05-13 21:20:25 -03:00 > INFO > BUY_ORDER: wc:10ea8802d4ee47f772:6598 => Transacción creada en la base de datos con estado "prepared" => data: {"sessionId":"wc:sessionId:6823e1c9c74dd:6598","amount":35000,"returnUrl":"https:\/\/metaversotec.cl\/web\/?wc-api=wc_gateway_transbank_webpay_plus_rest","environment":"TEST","commerceCode":"597055555532"} [] []
2025-05-13 21:20:25 -03:00 > INFO > BUY_ORDER: wc:10ea8802d4ee47f772:6598 => Preparando datos antes de crear la transacción en Transbank => data: {"sessionId":"wc:sessionId:6823e1c9c74dd:6598","amount":35000,"returnUrl":"https:\/\/metaversotec.cl\/web\/?wc-api=wc_gateway_transbank_webpay_plus_rest","environment":"TEST","commerceCode":"597055555532"} [] []
2025-05-13 21:20:26 -03:00 > INFO > ORDER_ID: 6598 [] []
2025-05-13 21:20:26 -03:00 > INFO > INPUT: {"sessionId":"wc:sessionId:6823e1c9c74dd:6598","amount":35000,"returnUrl":"https:\/\/metaversotec.cl\/web\/?wc-api=wc_gateway_transbank_webpay_plus_rest"} => RESPONSE: {"token":"01abb337643b5542c1e9c47cafb8ddf5cb4bd60d40423ac6ffb7f7c41cea181a","url":"https:\/\/webpay3gint.transbank.cl\/webpayserver\/initTransaction"} [] []
2025-05-13 21:20:26 -03:00 > INFO > BUY_ORDER: wc:10ea8802d4ee47f772:6598 => Transacción actualizada en la base de datos con estado "initialized" => data: {"sessionId":"wc:sessionId:6823e1c9c74dd:6598","amount":35000,"returnUrl":"https:\/\/metaversotec.cl\/web\/?wc-api=wc_gateway_transbank_webpay_plus_rest","environment":"TEST","commerceCode":"597055555532"} [] []
2025-05-13 21:22:53 -03:00 > INFO > Procesando retorno desde formulario de Webpay. [] []
2025-05-13 21:22:53 -03:00 > INFO > Request: method -> GET [] []
2025-05-13 21:22:53 -03:00 > INFO > Request: payload -> {"wc-api":"wc_gateway_transbank_webpay_plus_rest","TBK_TOKEN":"01abb337643b5542c1e9c47cafb8ddf5cb4bd60d40423ac6ffb7f7c41cea181a","TBK_ORDEN_COMPRA":"wc:10ea8802d4ee47f772:6598","TBK_ID_SESION":"wc:sessionId:6823e1c9c74dd:6598"} [] []
2025-05-13 21:22:53 -03:00 > INFO > Flujo de pago abortado detectado, token: 01abb337643b5542c1e9c47cafb8ddf5cb4bd60d40423ac6ffb7f7c41cea181a [] []
2025-05-13 21:22:53 -03:00 > ERROR > ORDER_ID: 6598, SERVICE: commit [] []
2025-05-13 21:22:53 -03:00 > ERROR > INPUT: "01abb337643b5542c1e9c47cafb8ddf5cb4bd60d40423ac6ffb7f7c41cea181a" => EXCEPTION: UserCancelWebpayException , ERROR: Orden anulada por el usuario. [] []
2025-05-13 21:26:47 -03:00 > INFO > BUY_ORDER: wc:f0c6ab395f2e1ebd50:6599 => Preparando datos antes de crear la transacción en la base de datos => data: {"sessionId":"wc:sessionId:6823e347b27ef:6599","amount":35000,"returnUrl":"https:\/\/metaversotec.cl\/web\/?wc-api=wc_gateway_transbank_webpay_plus_rest","environment":"TEST","commerceCode":"597055555532"} [] []
2025-05-13 21:26:47 -03:00 > INFO > BUY_ORDER: wc:f0c6ab395f2e1ebd50:6599 => Transacción creada en la base de datos con estado "prepared" => data: {"sessionId":"wc:sessionId:6823e347b27ef:6599","amount":35000,"returnUrl":"https:\/\/metaversotec.cl\/web\/?wc-api=wc_gateway_transbank_webpay_plus_rest","environment":"TEST","commerceCode":"597055555532"} [] []
2025-05-13 21:26:47 -03:00 > INFO > BUY_ORDER: wc:f0c6ab395f2e1ebd50:6599 => Preparando datos antes de crear la transacción en Transbank => data: {"sessionId":"wc:sessionId:6823e347b27ef:6599","amount":35000,"returnUrl":"https:\/\/metaversotec.cl\/web\/?wc-api=wc_gateway_transbank_webpay_plus_rest","environment":"TEST","commerceCode":"597055555532"} [] []
2025-05-13 21:26:48 -03:00 > INFO > ORDER_ID: 6599 [] []
2025-05-13 21:26:48 -03:00 > INFO > INPUT: {"sessionId":"wc:sessionId:6823e347b27ef:6599","amount":35000,"returnUrl":"https:\/\/metaversotec.cl\/web\/?wc-api=wc_gateway_transbank_webpay_plus_rest"} => RESPONSE: {"token":"01abcbdbea653809efe2434e27d2e6ac405b2a25cae1e3c19163f17c155baaf7","url":"https:\/\/webpay3gint.transbank.cl\/webpayserver\/initTransaction"} [] []
2025-05-13 21:26:48 -03:00 > INFO > BUY_ORDER: wc:f0c6ab395f2e1ebd50:6599 => Transacción actualizada en la base de datos con estado "initialized" => data: {"sessionId":"wc:sessionId:6823e347b27ef:6599","amount":35000,"returnUrl":"https:\/\/metaversotec.cl\/web\/?wc-api=wc_gateway_transbank_webpay_plus_rest","environment":"TEST","commerceCode":"597055555532"} [] []
2025-05-13 21:27:16 -03:00 > INFO > Procesando retorno desde formulario de Webpay. [] []
2025-05-13 21:27:16 -03:00 > INFO > Request: method -> GET [] []
2025-05-13 21:27:16 -03:00 > INFO > Request: payload -> {"wc-api":"wc_gateway_transbank_webpay_plus_rest","TBK_TOKEN":"01abcbdbea653809efe2434e27d2e6ac405b2a25cae1e3c19163f17c155baaf7","TBK_ORDEN_COMPRA":"wc:f0c6ab395f2e1ebd50:6599","TBK_ID_SESION":"wc:sessionId:6823e347b27ef:6599"} [] []
2025-05-13 21:27:16 -03:00 > INFO > Flujo de pago abortado detectado, token: 01abcbdbea653809efe2434e27d2e6ac405b2a25cae1e3c19163f17c155baaf7 [] []
2025-05-13 21:27:16 -03:00 > ERROR > ORDER_ID: 6599, SERVICE: commit [] []
2025-05-13 21:27:16 -03:00 > ERROR > INPUT: "01abcbdbea653809efe2434e27d2e6ac405b2a25cae1e3c19163f17c155baaf7" => EXCEPTION: UserCancelWebpayException , ERROR: Orden anulada por el usuario. [] []
