2025-04-03 07:45:51 -03:00 > INFO > BUY_ORDER: wc:6915da485230e2032a:5622 => Preparando datos antes de crear la transacción en la base de datos => data: {"sessionId":"wc:sessionId:67ee66df33403:5622","amount":20000,"returnUrl":"https:\/\/metaversotec.cl\/web\/?wc-api=wc_gateway_transbank_webpay_plus_rest","environment":"TEST","commerceCode":"597055555532"} [] []
2025-04-03 07:45:51 -03:00 > INFO > BUY_ORDER: wc:6915da485230e2032a:5622 => Transacción creada en la base de datos con estado "prepared" => data: {"sessionId":"wc:sessionId:67ee66df33403:5622","amount":20000,"returnUrl":"https:\/\/metaversotec.cl\/web\/?wc-api=wc_gateway_transbank_webpay_plus_rest","environment":"TEST","commerceCode":"597055555532"} [] []
2025-04-03 07:45:51 -03:00 > INFO > BUY_ORDER: wc:6915da485230e2032a:5622 => Preparando datos antes de crear la transacción en Transbank => data: {"sessionId":"wc:sessionId:67ee66df33403:5622","amount":20000,"returnUrl":"https:\/\/metaversotec.cl\/web\/?wc-api=wc_gateway_transbank_webpay_plus_rest","environment":"TEST","commerceCode":"597055555532"} [] []
2025-04-03 07:45:52 -03:00 > INFO > ORDER_ID: 5622 [] []
2025-04-03 07:45:52 -03:00 > INFO > INPUT: {"sessionId":"wc:sessionId:67ee66df33403:5622","amount":20000,"returnUrl":"https:\/\/metaversotec.cl\/web\/?wc-api=wc_gateway_transbank_webpay_plus_rest"} => RESPONSE: {"token":"01aba6425882cbe2b8e91892e40648b29ee66fbfdc95a910cb99e2b4a9db2ab6","url":"https:\/\/webpay3gint.transbank.cl\/webpayserver\/initTransaction"} [] []
2025-04-03 07:45:52 -03:00 > INFO > BUY_ORDER: wc:6915da485230e2032a:5622 => Transacción actualizada en la base de datos con estado "initialized" => data: {"sessionId":"wc:sessionId:67ee66df33403:5622","amount":20000,"returnUrl":"https:\/\/metaversotec.cl\/web\/?wc-api=wc_gateway_transbank_webpay_plus_rest","environment":"TEST","commerceCode":"597055555532"} [] []
2025-04-03 07:46:26 -03:00 > INFO > Procesando retorno desde formulario de Webpay. [] []
2025-04-03 07:46:26 -03:00 > INFO > Request: method -> GET [] []
2025-04-03 07:46:26 -03:00 > INFO > Request: payload -> {"wc-api":"wc_gateway_transbank_webpay_plus_rest","token_ws":"01aba6425882cbe2b8e91892e40648b29ee66fbfdc95a910cb99e2b4a9db2ab6"} [] []
2025-04-03 07:46:26 -03:00 > INFO > Flujo normal detectado, token: 01aba6425882cbe2b8e91892e40648b29ee66fbfdc95a910cb99e2b4a9db2ab6 [] []
2025-04-03 07:46:26 -03:00 > INFO > BUY_ORDER: wc:6915da485230e2032a:5622 => Preparando datos antes de hacer commit a la transacción en Transbank => data: {"token":"01aba6425882cbe2b8e91892e40648b29ee66fbfdc95a910cb99e2b4a9db2ab6","environment":"TEST","commerceCode":"597055555532"} [] []
2025-04-03 07:46:27 -03:00 > INFO > ORDER_ID: 5622 [] []
2025-04-03 07:46:27 -03:00 > INFO > INPUT: {"token":"01aba6425882cbe2b8e91892e40648b29ee66fbfdc95a910cb99e2b4a9db2ab6"} => RESPONSE: {"vci":"TSY","status":"AUTHORIZED","responseCode":0,"amount":20000,"authorizationCode":"1415","paymentTypeCode":"VD","accountingDate":"0403","installmentsNumber":0,"installmentsAmount":null,"sessionId":"wc:sessionId:67ee66df33403:5622","buyOrder":"wc:6915da485230e2032a:5622","cardNumber":"7763","cardDetail":{"card_number":"7763"},"transactionDate":"2025-04-03T10:45:52.480Z","balance":null} [] []
2025-04-03 07:46:27 -03:00 > INFO > BUY_ORDER: wc:6915da485230e2032a:5622 => ***** COMMIT TBK OK ***** SI NO SE ENCUENTRA VALIDACION POR WooCommerce DEBE ANULARSE => data: {"token":"01aba6425882cbe2b8e91892e40648b29ee66fbfdc95a910cb99e2b4a9db2ab6","response":{"vci":"TSY","status":"AUTHORIZED","responseCode":0,"amount":20000,"authorizationCode":"1415","paymentTypeCode":"VD","accountingDate":"0403","installmentsNumber":0,"installmentsAmount":null,"sessionId":"wc:sessionId:67ee66df33403:5622","buyOrder":"wc:6915da485230e2032a:5622","cardNumber":"7763","cardDetail":{"card_number":"7763"},"transactionDate":"2025-04-03T10:45:52.480Z","balance":null},"environment":"TEST","commerceCode":"597055555532"} [] []
2025-04-03 07:46:27 -03:00 > INFO > C.5. Transacción con commit exitoso en Transbank y guardado => OC: wc:6915da485230e2032a:5622 [] []
2025-04-03 08:24:48 -03:00 > INFO > BUY_ORDER: wc:a70b371a53c74873ea:5625 => Preparando datos antes de crear la transacción en la base de datos => data: {"sessionId":"wc:sessionId:67ee70002a22a:5625","amount":40000,"returnUrl":"https:\/\/metaversotec.cl\/web\/?wc-api=wc_gateway_transbank_webpay_plus_rest","environment":"TEST","commerceCode":"597055555532"} [] []
2025-04-03 08:24:48 -03:00 > INFO > BUY_ORDER: wc:a70b371a53c74873ea:5625 => Transacción creada en la base de datos con estado "prepared" => data: {"sessionId":"wc:sessionId:67ee70002a22a:5625","amount":40000,"returnUrl":"https:\/\/metaversotec.cl\/web\/?wc-api=wc_gateway_transbank_webpay_plus_rest","environment":"TEST","commerceCode":"597055555532"} [] []
2025-04-03 08:24:48 -03:00 > INFO > BUY_ORDER: wc:a70b371a53c74873ea:5625 => Preparando datos antes de crear la transacción en Transbank => data: {"sessionId":"wc:sessionId:67ee70002a22a:5625","amount":40000,"returnUrl":"https:\/\/metaversotec.cl\/web\/?wc-api=wc_gateway_transbank_webpay_plus_rest","environment":"TEST","commerceCode":"597055555532"} [] []
2025-04-03 08:24:48 -03:00 > INFO > ORDER_ID: 5625 [] []
2025-04-03 08:24:48 -03:00 > INFO > INPUT: {"sessionId":"wc:sessionId:67ee70002a22a:5625","amount":40000,"returnUrl":"https:\/\/metaversotec.cl\/web\/?wc-api=wc_gateway_transbank_webpay_plus_rest"} => RESPONSE: {"token":"01abb75614fed4dd1c7d0504b4737216266ca58af09b4c298d3d7e4dd8b36bd9","url":"https:\/\/webpay3gint.transbank.cl\/webpayserver\/initTransaction"} [] []
2025-04-03 08:24:48 -03:00 > INFO > BUY_ORDER: wc:a70b371a53c74873ea:5625 => Transacción actualizada en la base de datos con estado "initialized" => data: {"sessionId":"wc:sessionId:67ee70002a22a:5625","amount":40000,"returnUrl":"https:\/\/metaversotec.cl\/web\/?wc-api=wc_gateway_transbank_webpay_plus_rest","environment":"TEST","commerceCode":"597055555532"} [] []
2025-04-03 08:25:15 -03:00 > INFO > Procesando retorno desde formulario de Webpay. [] []
2025-04-03 08:25:15 -03:00 > INFO > Request: method -> GET [] []
2025-04-03 08:25:15 -03:00 > INFO > Request: payload -> {"wc-api":"wc_gateway_transbank_webpay_plus_rest","token_ws":"01abb75614fed4dd1c7d0504b4737216266ca58af09b4c298d3d7e4dd8b36bd9"} [] []
2025-04-03 08:25:15 -03:00 > INFO > Flujo normal detectado, token: 01abb75614fed4dd1c7d0504b4737216266ca58af09b4c298d3d7e4dd8b36bd9 [] []
2025-04-03 08:25:15 -03:00 > INFO > BUY_ORDER: wc:a70b371a53c74873ea:5625 => Preparando datos antes de hacer commit a la transacción en Transbank => data: {"token":"01abb75614fed4dd1c7d0504b4737216266ca58af09b4c298d3d7e4dd8b36bd9","environment":"TEST","commerceCode":"597055555532"} [] []
2025-04-03 08:25:16 -03:00 > INFO > ORDER_ID: 5625 [] []
2025-04-03 08:25:16 -03:00 > INFO > INPUT: {"token":"01abb75614fed4dd1c7d0504b4737216266ca58af09b4c298d3d7e4dd8b36bd9"} => RESPONSE: {"vci":"TSY","status":"AUTHORIZED","responseCode":0,"amount":40000,"authorizationCode":"1415","paymentTypeCode":"VD","accountingDate":"0403","installmentsNumber":0,"installmentsAmount":null,"sessionId":"wc:sessionId:67ee70002a22a:5625","buyOrder":"wc:a70b371a53c74873ea:5625","cardNumber":"7763","cardDetail":{"card_number":"7763"},"transactionDate":"2025-04-03T11:24:49.156Z","balance":null} [] []
2025-04-03 08:25:16 -03:00 > INFO > BUY_ORDER: wc:a70b371a53c74873ea:5625 => ***** COMMIT TBK OK ***** SI NO SE ENCUENTRA VALIDACION POR WooCommerce DEBE ANULARSE => data: {"token":"01abb75614fed4dd1c7d0504b4737216266ca58af09b4c298d3d7e4dd8b36bd9","response":{"vci":"TSY","status":"AUTHORIZED","responseCode":0,"amount":40000,"authorizationCode":"1415","paymentTypeCode":"VD","accountingDate":"0403","installmentsNumber":0,"installmentsAmount":null,"sessionId":"wc:sessionId:67ee70002a22a:5625","buyOrder":"wc:a70b371a53c74873ea:5625","cardNumber":"7763","cardDetail":{"card_number":"7763"},"transactionDate":"2025-04-03T11:24:49.156Z","balance":null},"environment":"TEST","commerceCode":"597055555532"} [] []
2025-04-03 08:25:16 -03:00 > INFO > C.5. Transacción con commit exitoso en Transbank y guardado => OC: wc:a70b371a53c74873ea:5625 [] []
