2025-04-14 12:59:57 -03:00 > INFO > BUY_ORDER: wc:3c5267f3f1e9a4ff16:6066 => Preparando datos antes de crear la transacción en la base de datos => data: {"sessionId":"wc:sessionId:67fd30fd704b2:6066","amount":40000,"returnUrl":"https:\/\/metaversotec.cl\/web\/?wc-api=wc_gateway_transbank_webpay_plus_rest","environment":"TEST","commerceCode":"597055555532"} [] []
2025-04-14 12:59:57 -03:00 > INFO > BUY_ORDER: wc:3c5267f3f1e9a4ff16:6066 => Transacción creada en la base de datos con estado "prepared" => data: {"sessionId":"wc:sessionId:67fd30fd704b2:6066","amount":40000,"returnUrl":"https:\/\/metaversotec.cl\/web\/?wc-api=wc_gateway_transbank_webpay_plus_rest","environment":"TEST","commerceCode":"597055555532"} [] []
2025-04-14 12:59:57 -03:00 > INFO > BUY_ORDER: wc:3c5267f3f1e9a4ff16:6066 => Preparando datos antes de crear la transacción en Transbank => data: {"sessionId":"wc:sessionId:67fd30fd704b2:6066","amount":40000,"returnUrl":"https:\/\/metaversotec.cl\/web\/?wc-api=wc_gateway_transbank_webpay_plus_rest","environment":"TEST","commerceCode":"597055555532"} [] []
2025-04-14 12:59:58 -03:00 > INFO > ORDER_ID: 6066 [] []
2025-04-14 12:59:58 -03:00 > INFO > INPUT: {"sessionId":"wc:sessionId:67fd30fd704b2:6066","amount":40000,"returnUrl":"https:\/\/metaversotec.cl\/web\/?wc-api=wc_gateway_transbank_webpay_plus_rest"} => RESPONSE: {"token":"01ab6f4df77903590adc6e8477e982a325e0d1f75660831521685554bf26ed6d","url":"https:\/\/webpay3gint.transbank.cl\/webpayserver\/initTransaction"} [] []
2025-04-14 12:59:58 -03:00 > INFO > BUY_ORDER: wc:3c5267f3f1e9a4ff16:6066 => Transacción actualizada en la base de datos con estado "initialized" => data: {"sessionId":"wc:sessionId:67fd30fd704b2:6066","amount":40000,"returnUrl":"https:\/\/metaversotec.cl\/web\/?wc-api=wc_gateway_transbank_webpay_plus_rest","environment":"TEST","commerceCode":"597055555532"} [] []
2025-04-14 13:01:22 -03:00 > INFO > Procesando retorno desde formulario de Webpay. [] []
2025-04-14 13:01:22 -03:00 > INFO > Request: method -> GET [] []
2025-04-14 13:01:22 -03:00 > INFO > Request: payload -> {"wc-api":"wc_gateway_transbank_webpay_plus_rest","token_ws":"01ab6f4df77903590adc6e8477e982a325e0d1f75660831521685554bf26ed6d"} [] []
2025-04-14 13:01:22 -03:00 > INFO > Flujo normal detectado, token: 01ab6f4df77903590adc6e8477e982a325e0d1f75660831521685554bf26ed6d [] []
2025-04-14 13:01:22 -03:00 > INFO > BUY_ORDER: wc:3c5267f3f1e9a4ff16:6066 => Preparando datos antes de hacer commit a la transacción en Transbank => data: {"token":"01ab6f4df77903590adc6e8477e982a325e0d1f75660831521685554bf26ed6d","environment":"TEST","commerceCode":"597055555532"} [] []
2025-04-14 13:01:23 -03:00 > INFO > ORDER_ID: 6066 [] []
2025-04-14 13:01:23 -03:00 > INFO > INPUT: {"token":"01ab6f4df77903590adc6e8477e982a325e0d1f75660831521685554bf26ed6d"} => RESPONSE: {"vci":"TSY","status":"AUTHORIZED","responseCode":0,"amount":40000,"authorizationCode":"1415","paymentTypeCode":"VD","accountingDate":"0414","installmentsNumber":0,"installmentsAmount":null,"sessionId":"wc:sessionId:67fd30fd704b2:6066","buyOrder":"wc:3c5267f3f1e9a4ff16:6066","cardNumber":"7763","cardDetail":{"card_number":"7763"},"transactionDate":"2025-04-14T15:59:58.984Z","balance":null} [] []
2025-04-14 13:01:23 -03:00 > INFO > BUY_ORDER: wc:3c5267f3f1e9a4ff16:6066 => ***** COMMIT TBK OK ***** SI NO SE ENCUENTRA VALIDACION POR WooCommerce DEBE ANULARSE => data: {"token":"01ab6f4df77903590adc6e8477e982a325e0d1f75660831521685554bf26ed6d","response":{"vci":"TSY","status":"AUTHORIZED","responseCode":0,"amount":40000,"authorizationCode":"1415","paymentTypeCode":"VD","accountingDate":"0414","installmentsNumber":0,"installmentsAmount":null,"sessionId":"wc:sessionId:67fd30fd704b2:6066","buyOrder":"wc:3c5267f3f1e9a4ff16:6066","cardNumber":"7763","cardDetail":{"card_number":"7763"},"transactionDate":"2025-04-14T15:59:58.984Z","balance":null},"environment":"TEST","commerceCode":"597055555532"} [] []
2025-04-14 13:01:23 -03:00 > INFO > C.5. Transacción con commit exitoso en Transbank y guardado => OC: wc:3c5267f3f1e9a4ff16:6066 [] []
2025-04-14 13:09:05 -03:00 > INFO > BUY_ORDER: wc:67268b74cfd46e54fc:6068 => Preparando datos antes de crear la transacción en la base de datos => data: {"sessionId":"wc:sessionId:67fd3321c09af:6068","amount":40000,"returnUrl":"https:\/\/metaversotec.cl\/web\/?wc-api=wc_gateway_transbank_webpay_plus_rest","environment":"TEST","commerceCode":"597055555532"} [] []
2025-04-14 13:09:05 -03:00 > INFO > BUY_ORDER: wc:67268b74cfd46e54fc:6068 => Transacción creada en la base de datos con estado "prepared" => data: {"sessionId":"wc:sessionId:67fd3321c09af:6068","amount":40000,"returnUrl":"https:\/\/metaversotec.cl\/web\/?wc-api=wc_gateway_transbank_webpay_plus_rest","environment":"TEST","commerceCode":"597055555532"} [] []
2025-04-14 13:09:05 -03:00 > INFO > BUY_ORDER: wc:67268b74cfd46e54fc:6068 => Preparando datos antes de crear la transacción en Transbank => data: {"sessionId":"wc:sessionId:67fd3321c09af:6068","amount":40000,"returnUrl":"https:\/\/metaversotec.cl\/web\/?wc-api=wc_gateway_transbank_webpay_plus_rest","environment":"TEST","commerceCode":"597055555532"} [] []
2025-04-14 13:09:06 -03:00 > INFO > ORDER_ID: 6068 [] []
2025-04-14 13:09:06 -03:00 > INFO > INPUT: {"sessionId":"wc:sessionId:67fd3321c09af:6068","amount":40000,"returnUrl":"https:\/\/metaversotec.cl\/web\/?wc-api=wc_gateway_transbank_webpay_plus_rest"} => RESPONSE: {"token":"01abd9cac47d2dcfba0a64474c1b44112d8ca307772a955455e6ca23867e8237","url":"https:\/\/webpay3gint.transbank.cl\/webpayserver\/initTransaction"} [] []
2025-04-14 13:09:06 -03:00 > INFO > BUY_ORDER: wc:67268b74cfd46e54fc:6068 => Transacción actualizada en la base de datos con estado "initialized" => data: {"sessionId":"wc:sessionId:67fd3321c09af:6068","amount":40000,"returnUrl":"https:\/\/metaversotec.cl\/web\/?wc-api=wc_gateway_transbank_webpay_plus_rest","environment":"TEST","commerceCode":"597055555532"} [] []
2025-04-14 13:09:50 -03:00 > INFO > Procesando retorno desde formulario de Webpay. [] []
2025-04-14 13:09:50 -03:00 > INFO > Request: method -> GET [] []
2025-04-14 13:09:50 -03:00 > INFO > Request: payload -> {"wc-api":"wc_gateway_transbank_webpay_plus_rest","token_ws":"01abd9cac47d2dcfba0a64474c1b44112d8ca307772a955455e6ca23867e8237"} [] []
2025-04-14 13:09:50 -03:00 > INFO > Flujo normal detectado, token: 01abd9cac47d2dcfba0a64474c1b44112d8ca307772a955455e6ca23867e8237 [] []
2025-04-14 13:09:50 -03:00 > INFO > BUY_ORDER: wc:67268b74cfd46e54fc:6068 => Preparando datos antes de hacer commit a la transacción en Transbank => data: {"token":"01abd9cac47d2dcfba0a64474c1b44112d8ca307772a955455e6ca23867e8237","environment":"TEST","commerceCode":"597055555532"} [] []
2025-04-14 13:09:51 -03:00 > INFO > ORDER_ID: 6068 [] []
2025-04-14 13:09:51 -03:00 > INFO > INPUT: {"token":"01abd9cac47d2dcfba0a64474c1b44112d8ca307772a955455e6ca23867e8237"} => RESPONSE: {"vci":"TSY","status":"AUTHORIZED","responseCode":0,"amount":40000,"authorizationCode":"1415","paymentTypeCode":"VD","accountingDate":"0414","installmentsNumber":0,"installmentsAmount":null,"sessionId":"wc:sessionId:67fd3321c09af:6068","buyOrder":"wc:67268b74cfd46e54fc:6068","cardNumber":"7763","cardDetail":{"card_number":"7763"},"transactionDate":"2025-04-14T16:09:07.253Z","balance":null} [] []
2025-04-14 13:09:51 -03:00 > INFO > BUY_ORDER: wc:67268b74cfd46e54fc:6068 => ***** COMMIT TBK OK ***** SI NO SE ENCUENTRA VALIDACION POR WooCommerce DEBE ANULARSE => data: {"token":"01abd9cac47d2dcfba0a64474c1b44112d8ca307772a955455e6ca23867e8237","response":{"vci":"TSY","status":"AUTHORIZED","responseCode":0,"amount":40000,"authorizationCode":"1415","paymentTypeCode":"VD","accountingDate":"0414","installmentsNumber":0,"installmentsAmount":null,"sessionId":"wc:sessionId:67fd3321c09af:6068","buyOrder":"wc:67268b74cfd46e54fc:6068","cardNumber":"7763","cardDetail":{"card_number":"7763"},"transactionDate":"2025-04-14T16:09:07.253Z","balance":null},"environment":"TEST","commerceCode":"597055555532"} [] []
2025-04-14 13:09:51 -03:00 > INFO > C.5. Transacción con commit exitoso en Transbank y guardado => OC: wc:67268b74cfd46e54fc:6068 [] []
2025-04-14 17:21:05 -03:00 > INFO > BUY_ORDER: wc:559fe07a5d7ec8b9b3:6080 => Preparando datos antes de crear la transacción en la base de datos => data: {"sessionId":"wc:sessionId:67fd6e31529ee:6080","amount":40000,"returnUrl":"https:\/\/metaversotec.cl\/web\/?wc-api=wc_gateway_transbank_webpay_plus_rest","environment":"TEST","commerceCode":"597055555532"} [] []
2025-04-14 17:21:05 -03:00 > INFO > BUY_ORDER: wc:559fe07a5d7ec8b9b3:6080 => Transacción creada en la base de datos con estado "prepared" => data: {"sessionId":"wc:sessionId:67fd6e31529ee:6080","amount":40000,"returnUrl":"https:\/\/metaversotec.cl\/web\/?wc-api=wc_gateway_transbank_webpay_plus_rest","environment":"TEST","commerceCode":"597055555532"} [] []
2025-04-14 17:21:05 -03:00 > INFO > BUY_ORDER: wc:559fe07a5d7ec8b9b3:6080 => Preparando datos antes de crear la transacción en Transbank => data: {"sessionId":"wc:sessionId:67fd6e31529ee:6080","amount":40000,"returnUrl":"https:\/\/metaversotec.cl\/web\/?wc-api=wc_gateway_transbank_webpay_plus_rest","environment":"TEST","commerceCode":"597055555532"} [] []
2025-04-14 17:21:06 -03:00 > INFO > ORDER_ID: 6080 [] []
2025-04-14 17:21:06 -03:00 > INFO > INPUT: {"sessionId":"wc:sessionId:67fd6e31529ee:6080","amount":40000,"returnUrl":"https:\/\/metaversotec.cl\/web\/?wc-api=wc_gateway_transbank_webpay_plus_rest"} => RESPONSE: {"token":"01ab70cac24e5ec6dbda46677429db1364b66b06f8f67ba3d2e986e496cbed3e","url":"https:\/\/webpay3gint.transbank.cl\/webpayserver\/initTransaction"} [] []
2025-04-14 17:21:06 -03:00 > INFO > BUY_ORDER: wc:559fe07a5d7ec8b9b3:6080 => Transacción actualizada en la base de datos con estado "initialized" => data: {"sessionId":"wc:sessionId:67fd6e31529ee:6080","amount":40000,"returnUrl":"https:\/\/metaversotec.cl\/web\/?wc-api=wc_gateway_transbank_webpay_plus_rest","environment":"TEST","commerceCode":"597055555532"} [] []
2025-04-14 17:22:01 -03:00 > INFO > Procesando retorno desde formulario de Webpay. [] []
2025-04-14 17:22:01 -03:00 > INFO > Request: method -> GET [] []
2025-04-14 17:22:01 -03:00 > INFO > Request: payload -> {"wc-api":"wc_gateway_transbank_webpay_plus_rest","token_ws":"01ab70cac24e5ec6dbda46677429db1364b66b06f8f67ba3d2e986e496cbed3e"} [] []
2025-04-14 17:22:01 -03:00 > INFO > Flujo normal detectado, token: 01ab70cac24e5ec6dbda46677429db1364b66b06f8f67ba3d2e986e496cbed3e [] []
2025-04-14 17:22:01 -03:00 > INFO > BUY_ORDER: wc:559fe07a5d7ec8b9b3:6080 => Preparando datos antes de hacer commit a la transacción en Transbank => data: {"token":"01ab70cac24e5ec6dbda46677429db1364b66b06f8f67ba3d2e986e496cbed3e","environment":"TEST","commerceCode":"597055555532"} [] []
2025-04-14 17:22:03 -03:00 > INFO > ORDER_ID: 6080 [] []
2025-04-14 17:22:03 -03:00 > INFO > INPUT: {"token":"01ab70cac24e5ec6dbda46677429db1364b66b06f8f67ba3d2e986e496cbed3e"} => RESPONSE: {"vci":"TSY","status":"AUTHORIZED","responseCode":0,"amount":40000,"authorizationCode":"1415","paymentTypeCode":"VD","accountingDate":"0414","installmentsNumber":0,"installmentsAmount":null,"sessionId":"wc:sessionId:67fd6e31529ee:6080","buyOrder":"wc:559fe07a5d7ec8b9b3:6080","cardNumber":"7763","cardDetail":{"card_number":"7763"},"transactionDate":"2025-04-14T20:21:07.131Z","balance":null} [] []
2025-04-14 17:22:03 -03:00 > INFO > BUY_ORDER: wc:559fe07a5d7ec8b9b3:6080 => ***** COMMIT TBK OK ***** SI NO SE ENCUENTRA VALIDACION POR WooCommerce DEBE ANULARSE => data: {"token":"01ab70cac24e5ec6dbda46677429db1364b66b06f8f67ba3d2e986e496cbed3e","response":{"vci":"TSY","status":"AUTHORIZED","responseCode":0,"amount":40000,"authorizationCode":"1415","paymentTypeCode":"VD","accountingDate":"0414","installmentsNumber":0,"installmentsAmount":null,"sessionId":"wc:sessionId:67fd6e31529ee:6080","buyOrder":"wc:559fe07a5d7ec8b9b3:6080","cardNumber":"7763","cardDetail":{"card_number":"7763"},"transactionDate":"2025-04-14T20:21:07.131Z","balance":null},"environment":"TEST","commerceCode":"597055555532"} [] []
2025-04-14 17:22:03 -03:00 > INFO > C.5. Transacción con commit exitoso en Transbank y guardado => OC: wc:559fe07a5d7ec8b9b3:6080 [] []
