2025-01-20 11:23:11 -03:00 > INFO > BUY_ORDER: wc:8c4669601087872a4e:4413 => Preparando datos antes de crear la transacción en la base de datos => data: {"sessionId":"wc:sessionId:678e5c4fcd71f:4413","amount":120000,"returnUrl":"https:\/\/metaversotec.cl\/web\/?wc-api=wc_gateway_transbank_webpay_plus_rest","environment":"TEST","commerceCode":"597055555532"} [] []
2025-01-20 11:23:11 -03:00 > INFO > BUY_ORDER: wc:8c4669601087872a4e:4413 => Transacción creada en la base de datos con estado "prepared" => data: {"sessionId":"wc:sessionId:678e5c4fcd71f:4413","amount":120000,"returnUrl":"https:\/\/metaversotec.cl\/web\/?wc-api=wc_gateway_transbank_webpay_plus_rest","environment":"TEST","commerceCode":"597055555532"} [] []
2025-01-20 11:23:11 -03:00 > INFO > BUY_ORDER: wc:8c4669601087872a4e:4413 => Preparando datos antes de crear la transacción en Transbank => data: {"sessionId":"wc:sessionId:678e5c4fcd71f:4413","amount":120000,"returnUrl":"https:\/\/metaversotec.cl\/web\/?wc-api=wc_gateway_transbank_webpay_plus_rest","environment":"TEST","commerceCode":"597055555532"} [] []
2025-01-20 11:23:12 -03:00 > INFO > ORDER_ID: 4413 [] []
2025-01-20 11:23:12 -03:00 > INFO > INPUT: {"sessionId":"wc:sessionId:678e5c4fcd71f:4413","amount":120000,"returnUrl":"https:\/\/metaversotec.cl\/web\/?wc-api=wc_gateway_transbank_webpay_plus_rest"} => RESPONSE: {"token":"01ab7e44e18f74a6c99b162c77f90334a4c04cf64ab673245f2fdd56c4953146","url":"https:\/\/webpay3gint.transbank.cl\/webpayserver\/initTransaction"} [] []
2025-01-20 11:23:12 -03:00 > INFO > BUY_ORDER: wc:8c4669601087872a4e:4413 => Transacción actualizada en la base de datos con estado "initialized" => data: {"sessionId":"wc:sessionId:678e5c4fcd71f:4413","amount":120000,"returnUrl":"https:\/\/metaversotec.cl\/web\/?wc-api=wc_gateway_transbank_webpay_plus_rest","environment":"TEST","commerceCode":"597055555532"} [] []
2025-01-20 11:24:37 -03:00 > INFO > Procesando retorno desde formulario de Webpay. [] []
2025-01-20 11:24:37 -03:00 > INFO > Request: method -> GET [] []
2025-01-20 11:24:37 -03:00 > INFO > Request: payload -> {"wc-api":"wc_gateway_transbank_webpay_plus_rest","token_ws":"01ab7e44e18f74a6c99b162c77f90334a4c04cf64ab673245f2fdd56c4953146"} [] []
2025-01-20 11:24:37 -03:00 > INFO > Flujo normal detectado, token: 01ab7e44e18f74a6c99b162c77f90334a4c04cf64ab673245f2fdd56c4953146 [] []
2025-01-20 11:24:37 -03:00 > INFO > BUY_ORDER: wc:8c4669601087872a4e:4413 => Preparando datos antes de hacer commit a la transacción en Transbank => data: {"token":"01ab7e44e18f74a6c99b162c77f90334a4c04cf64ab673245f2fdd56c4953146","environment":"TEST","commerceCode":"597055555532"} [] []
2025-01-20 11:24:38 -03:00 > INFO > ORDER_ID: 4413 [] []
2025-01-20 11:24:38 -03:00 > INFO > INPUT: {"token":"01ab7e44e18f74a6c99b162c77f90334a4c04cf64ab673245f2fdd56c4953146"} => RESPONSE: {"vci":"TSY","status":"AUTHORIZED","responseCode":0,"amount":120000,"authorizationCode":"1415","paymentTypeCode":"VD","accountingDate":"0120","installmentsNumber":0,"installmentsAmount":null,"sessionId":"wc:sessionId:678e5c4fcd71f:4413","buyOrder":"wc:8c4669601087872a4e:4413","cardNumber":"7763","cardDetail":{"card_number":"7763"},"transactionDate":"2025-01-20T14:23:13.176Z","balance":null} [] []
2025-01-20 11:24:38 -03:00 > INFO > BUY_ORDER: wc:8c4669601087872a4e:4413 => ***** COMMIT TBK OK ***** SI NO SE ENCUENTRA VALIDACION POR WooCommerce DEBE ANULARSE => data: {"token":"01ab7e44e18f74a6c99b162c77f90334a4c04cf64ab673245f2fdd56c4953146","response":{"vci":"TSY","status":"AUTHORIZED","responseCode":0,"amount":120000,"authorizationCode":"1415","paymentTypeCode":"VD","accountingDate":"0120","installmentsNumber":0,"installmentsAmount":null,"sessionId":"wc:sessionId:678e5c4fcd71f:4413","buyOrder":"wc:8c4669601087872a4e:4413","cardNumber":"7763","cardDetail":{"card_number":"7763"},"transactionDate":"2025-01-20T14:23:13.176Z","balance":null},"environment":"TEST","commerceCode":"597055555532"} [] []
2025-01-20 11:24:38 -03:00 > INFO > C.5. Transacción con commit exitoso en Transbank y guardado => OC: wc:8c4669601087872a4e:4413 [] []
2025-01-20 11:27:23 -03:00 > INFO > BUY_ORDER: wc:b7440f279975ab2d88:4414 => Preparando datos antes de crear la transacción en la base de datos => data: {"sessionId":"wc:sessionId:678e5d4b80b9f:4414","amount":120000,"returnUrl":"https:\/\/metaversotec.cl\/web\/?wc-api=wc_gateway_transbank_webpay_plus_rest","environment":"TEST","commerceCode":"597055555532"} [] []
2025-01-20 11:27:23 -03:00 > INFO > BUY_ORDER: wc:b7440f279975ab2d88:4414 => Transacción creada en la base de datos con estado "prepared" => data: {"sessionId":"wc:sessionId:678e5d4b80b9f:4414","amount":120000,"returnUrl":"https:\/\/metaversotec.cl\/web\/?wc-api=wc_gateway_transbank_webpay_plus_rest","environment":"TEST","commerceCode":"597055555532"} [] []
2025-01-20 11:27:23 -03:00 > INFO > BUY_ORDER: wc:b7440f279975ab2d88:4414 => Preparando datos antes de crear la transacción en Transbank => data: {"sessionId":"wc:sessionId:678e5d4b80b9f:4414","amount":120000,"returnUrl":"https:\/\/metaversotec.cl\/web\/?wc-api=wc_gateway_transbank_webpay_plus_rest","environment":"TEST","commerceCode":"597055555532"} [] []
2025-01-20 11:27:24 -03:00 > INFO > ORDER_ID: 4414 [] []
2025-01-20 11:27:24 -03:00 > INFO > INPUT: {"sessionId":"wc:sessionId:678e5d4b80b9f:4414","amount":120000,"returnUrl":"https:\/\/metaversotec.cl\/web\/?wc-api=wc_gateway_transbank_webpay_plus_rest"} => RESPONSE: {"token":"01ab0f8007d514f961fb1bfe8587e035b54525788ec007dd485ca1d342799692","url":"https:\/\/webpay3gint.transbank.cl\/webpayserver\/initTransaction"} [] []
2025-01-20 11:27:24 -03:00 > INFO > BUY_ORDER: wc:b7440f279975ab2d88:4414 => Transacción actualizada en la base de datos con estado "initialized" => data: {"sessionId":"wc:sessionId:678e5d4b80b9f:4414","amount":120000,"returnUrl":"https:\/\/metaversotec.cl\/web\/?wc-api=wc_gateway_transbank_webpay_plus_rest","environment":"TEST","commerceCode":"597055555532"} [] []
2025-01-20 11:27:32 -03:00 > INFO > Procesando retorno desde formulario de Webpay. [] []
2025-01-20 11:27:32 -03:00 > INFO > Request: method -> GET [] []
2025-01-20 11:27:32 -03:00 > INFO > Request: payload -> {"wc-api":"wc_gateway_transbank_webpay_plus_rest","TBK_TOKEN":"01ab0f8007d514f961fb1bfe8587e035b54525788ec007dd485ca1d342799692","TBK_ORDEN_COMPRA":"wc:b7440f279975ab2d88:4414","TBK_ID_SESION":"wc:sessionId:678e5d4b80b9f:4414"} [] []
2025-01-20 11:27:32 -03:00 > INFO > Flujo de pago abortado detectado, token: 01ab0f8007d514f961fb1bfe8587e035b54525788ec007dd485ca1d342799692 [] []
2025-01-20 11:27:32 -03:00 > ERROR > ORDER_ID: 4414, SERVICE: commit [] []
2025-01-20 11:27:32 -03:00 > ERROR > INPUT: "01ab0f8007d514f961fb1bfe8587e035b54525788ec007dd485ca1d342799692" => EXCEPTION: UserCancelWebpayException , ERROR: Orden anulada por el usuario. [] []
2025-01-20 11:28:17 -03:00 > INFO > BUY_ORDER: wc:1e53059cc2dc2f433c:4415 => Preparando datos antes de crear la transacción en la base de datos => data: {"sessionId":"wc:sessionId:678e5d81eab55:4415","amount":120000,"returnUrl":"https:\/\/metaversotec.cl\/web\/?wc-api=wc_gateway_transbank_webpay_plus_rest","environment":"TEST","commerceCode":"597055555532"} [] []
2025-01-20 11:28:17 -03:00 > INFO > BUY_ORDER: wc:1e53059cc2dc2f433c:4415 => Transacción creada en la base de datos con estado "prepared" => data: {"sessionId":"wc:sessionId:678e5d81eab55:4415","amount":120000,"returnUrl":"https:\/\/metaversotec.cl\/web\/?wc-api=wc_gateway_transbank_webpay_plus_rest","environment":"TEST","commerceCode":"597055555532"} [] []
2025-01-20 11:28:17 -03:00 > INFO > BUY_ORDER: wc:1e53059cc2dc2f433c:4415 => Preparando datos antes de crear la transacción en Transbank => data: {"sessionId":"wc:sessionId:678e5d81eab55:4415","amount":120000,"returnUrl":"https:\/\/metaversotec.cl\/web\/?wc-api=wc_gateway_transbank_webpay_plus_rest","environment":"TEST","commerceCode":"597055555532"} [] []
2025-01-20 11:28:19 -03:00 > INFO > ORDER_ID: 4415 [] []
2025-01-20 11:28:19 -03:00 > INFO > INPUT: {"sessionId":"wc:sessionId:678e5d81eab55:4415","amount":120000,"returnUrl":"https:\/\/metaversotec.cl\/web\/?wc-api=wc_gateway_transbank_webpay_plus_rest"} => RESPONSE: {"token":"01ab3d3396e546f693eab955c6a01264a746baa4d458732c1a5606c92dc6f93b","url":"https:\/\/webpay3gint.transbank.cl\/webpayserver\/initTransaction"} [] []
2025-01-20 11:28:19 -03:00 > INFO > BUY_ORDER: wc:1e53059cc2dc2f433c:4415 => Transacción actualizada en la base de datos con estado "initialized" => data: {"sessionId":"wc:sessionId:678e5d81eab55:4415","amount":120000,"returnUrl":"https:\/\/metaversotec.cl\/web\/?wc-api=wc_gateway_transbank_webpay_plus_rest","environment":"TEST","commerceCode":"597055555532"} [] []
2025-01-20 11:28:50 -03:00 > INFO > Procesando retorno desde formulario de Webpay. [] []
2025-01-20 11:28:50 -03:00 > INFO > Request: method -> GET [] []
2025-01-20 11:28:50 -03:00 > INFO > Request: payload -> {"wc-api":"wc_gateway_transbank_webpay_plus_rest","token_ws":"01ab3d3396e546f693eab955c6a01264a746baa4d458732c1a5606c92dc6f93b"} [] []
2025-01-20 11:28:50 -03:00 > INFO > Flujo normal detectado, token: 01ab3d3396e546f693eab955c6a01264a746baa4d458732c1a5606c92dc6f93b [] []
2025-01-20 11:28:50 -03:00 > INFO > BUY_ORDER: wc:1e53059cc2dc2f433c:4415 => Preparando datos antes de hacer commit a la transacción en Transbank => data: {"token":"01ab3d3396e546f693eab955c6a01264a746baa4d458732c1a5606c92dc6f93b","environment":"TEST","commerceCode":"597055555532"} [] []
2025-01-20 11:28:51 -03:00 > INFO > ORDER_ID: 4415 [] []
2025-01-20 11:28:51 -03:00 > INFO > INPUT: {"token":"01ab3d3396e546f693eab955c6a01264a746baa4d458732c1a5606c92dc6f93b"} => RESPONSE: {"vci":"TSY","status":"AUTHORIZED","responseCode":0,"amount":120000,"authorizationCode":"1415","paymentTypeCode":"VD","accountingDate":"0120","installmentsNumber":0,"installmentsAmount":null,"sessionId":"wc:sessionId:678e5d81eab55:4415","buyOrder":"wc:1e53059cc2dc2f433c:4415","cardNumber":"7763","cardDetail":{"card_number":"7763"},"transactionDate":"2025-01-20T14:28:19.743Z","balance":null} [] []
2025-01-20 11:28:51 -03:00 > INFO > BUY_ORDER: wc:1e53059cc2dc2f433c:4415 => ***** COMMIT TBK OK ***** SI NO SE ENCUENTRA VALIDACION POR WooCommerce DEBE ANULARSE => data: {"token":"01ab3d3396e546f693eab955c6a01264a746baa4d458732c1a5606c92dc6f93b","response":{"vci":"TSY","status":"AUTHORIZED","responseCode":0,"amount":120000,"authorizationCode":"1415","paymentTypeCode":"VD","accountingDate":"0120","installmentsNumber":0,"installmentsAmount":null,"sessionId":"wc:sessionId:678e5d81eab55:4415","buyOrder":"wc:1e53059cc2dc2f433c:4415","cardNumber":"7763","cardDetail":{"card_number":"7763"},"transactionDate":"2025-01-20T14:28:19.743Z","balance":null},"environment":"TEST","commerceCode":"597055555532"} [] []
2025-01-20 11:28:51 -03:00 > INFO > C.5. Transacción con commit exitoso en Transbank y guardado => OC: wc:1e53059cc2dc2f433c:4415 [] []
2025-01-20 12:18:29 -03:00 > INFO > BUY_ORDER: wc:917135ada290919b18:4417 => Preparando datos antes de crear la transacción en la base de datos => data: {"sessionId":"wc:sessionId:678e6945ce1b7:4417","amount":120000,"returnUrl":"https:\/\/metaversotec.cl\/web\/?wc-api=wc_gateway_transbank_webpay_plus_rest","environment":"TEST","commerceCode":"597055555532"} [] []
2025-01-20 12:18:29 -03:00 > INFO > BUY_ORDER: wc:917135ada290919b18:4417 => Transacción creada en la base de datos con estado "prepared" => data: {"sessionId":"wc:sessionId:678e6945ce1b7:4417","amount":120000,"returnUrl":"https:\/\/metaversotec.cl\/web\/?wc-api=wc_gateway_transbank_webpay_plus_rest","environment":"TEST","commerceCode":"597055555532"} [] []
2025-01-20 12:18:29 -03:00 > INFO > BUY_ORDER: wc:917135ada290919b18:4417 => Preparando datos antes de crear la transacción en Transbank => data: {"sessionId":"wc:sessionId:678e6945ce1b7:4417","amount":120000,"returnUrl":"https:\/\/metaversotec.cl\/web\/?wc-api=wc_gateway_transbank_webpay_plus_rest","environment":"TEST","commerceCode":"597055555532"} [] []
2025-01-20 12:18:30 -03:00 > INFO > ORDER_ID: 4417 [] []
2025-01-20 12:18:30 -03:00 > INFO > INPUT: {"sessionId":"wc:sessionId:678e6945ce1b7:4417","amount":120000,"returnUrl":"https:\/\/metaversotec.cl\/web\/?wc-api=wc_gateway_transbank_webpay_plus_rest"} => RESPONSE: {"token":"01abf73aff191feb6b8c13a6b3c94a620f148e698a66ae460c58ef40c7475fd0","url":"https:\/\/webpay3gint.transbank.cl\/webpayserver\/initTransaction"} [] []
2025-01-20 12:18:30 -03:00 > INFO > BUY_ORDER: wc:917135ada290919b18:4417 => Transacción actualizada en la base de datos con estado "initialized" => data: {"sessionId":"wc:sessionId:678e6945ce1b7:4417","amount":120000,"returnUrl":"https:\/\/metaversotec.cl\/web\/?wc-api=wc_gateway_transbank_webpay_plus_rest","environment":"TEST","commerceCode":"597055555532"} [] []
2025-01-20 12:19:07 -03:00 > INFO > Procesando retorno desde formulario de Webpay. [] []
2025-01-20 12:19:07 -03:00 > INFO > Request: method -> GET [] []
2025-01-20 12:19:07 -03:00 > INFO > Request: payload -> {"wc-api":"wc_gateway_transbank_webpay_plus_rest","token_ws":"01abf73aff191feb6b8c13a6b3c94a620f148e698a66ae460c58ef40c7475fd0"} [] []
2025-01-20 12:19:07 -03:00 > INFO > Flujo normal detectado, token: 01abf73aff191feb6b8c13a6b3c94a620f148e698a66ae460c58ef40c7475fd0 [] []
2025-01-20 12:19:07 -03:00 > INFO > BUY_ORDER: wc:917135ada290919b18:4417 => Preparando datos antes de hacer commit a la transacción en Transbank => data: {"token":"01abf73aff191feb6b8c13a6b3c94a620f148e698a66ae460c58ef40c7475fd0","environment":"TEST","commerceCode":"597055555532"} [] []
2025-01-20 12:19:12 -03:00 > INFO > ORDER_ID: 4417 [] []
2025-01-20 12:19:12 -03:00 > INFO > INPUT: {"token":"01abf73aff191feb6b8c13a6b3c94a620f148e698a66ae460c58ef40c7475fd0"} => RESPONSE: {"vci":"TSY","status":"AUTHORIZED","responseCode":0,"amount":120000,"authorizationCode":"1415","paymentTypeCode":"VD","accountingDate":"0120","installmentsNumber":0,"installmentsAmount":null,"sessionId":"wc:sessionId:678e6945ce1b7:4417","buyOrder":"wc:917135ada290919b18:4417","cardNumber":"7763","cardDetail":{"card_number":"7763"},"transactionDate":"2025-01-20T15:18:31.217Z","balance":null} [] []
2025-01-20 12:19:12 -03:00 > INFO > BUY_ORDER: wc:917135ada290919b18:4417 => ***** COMMIT TBK OK ***** SI NO SE ENCUENTRA VALIDACION POR WooCommerce DEBE ANULARSE => data: {"token":"01abf73aff191feb6b8c13a6b3c94a620f148e698a66ae460c58ef40c7475fd0","response":{"vci":"TSY","status":"AUTHORIZED","responseCode":0,"amount":120000,"authorizationCode":"1415","paymentTypeCode":"VD","accountingDate":"0120","installmentsNumber":0,"installmentsAmount":null,"sessionId":"wc:sessionId:678e6945ce1b7:4417","buyOrder":"wc:917135ada290919b18:4417","cardNumber":"7763","cardDetail":{"card_number":"7763"},"transactionDate":"2025-01-20T15:18:31.217Z","balance":null},"environment":"TEST","commerceCode":"597055555532"} [] []
2025-01-20 12:19:12 -03:00 > INFO > C.5. Transacción con commit exitoso en Transbank y guardado => OC: wc:917135ada290919b18:4417 [] []
2025-01-20 13:28:09 -03:00 > INFO > BUY_ORDER: wc:85334e17c944e3a5c8:4424 => Preparando datos antes de crear la transacción en la base de datos => data: {"sessionId":"wc:sessionId:678e79991b636:4424","amount":220000,"returnUrl":"https:\/\/metaversotec.cl\/web\/?wc-api=wc_gateway_transbank_webpay_plus_rest","environment":"TEST","commerceCode":"597055555532"} [] []
2025-01-20 13:28:09 -03:00 > INFO > BUY_ORDER: wc:85334e17c944e3a5c8:4424 => Transacción creada en la base de datos con estado "prepared" => data: {"sessionId":"wc:sessionId:678e79991b636:4424","amount":220000,"returnUrl":"https:\/\/metaversotec.cl\/web\/?wc-api=wc_gateway_transbank_webpay_plus_rest","environment":"TEST","commerceCode":"597055555532"} [] []
2025-01-20 13:28:09 -03:00 > INFO > BUY_ORDER: wc:85334e17c944e3a5c8:4424 => Preparando datos antes de crear la transacción en Transbank => data: {"sessionId":"wc:sessionId:678e79991b636:4424","amount":220000,"returnUrl":"https:\/\/metaversotec.cl\/web\/?wc-api=wc_gateway_transbank_webpay_plus_rest","environment":"TEST","commerceCode":"597055555532"} [] []
2025-01-20 13:28:09 -03:00 > INFO > ORDER_ID: 4424 [] []
2025-01-20 13:28:09 -03:00 > INFO > INPUT: {"sessionId":"wc:sessionId:678e79991b636:4424","amount":220000,"returnUrl":"https:\/\/metaversotec.cl\/web\/?wc-api=wc_gateway_transbank_webpay_plus_rest"} => RESPONSE: {"token":"01abf84f62433382df4049a206ee3f989a67457b470a7947b875ae381c0ff57b","url":"https:\/\/webpay3gint.transbank.cl\/webpayserver\/initTransaction"} [] []
2025-01-20 13:28:09 -03:00 > INFO > BUY_ORDER: wc:85334e17c944e3a5c8:4424 => Transacción actualizada en la base de datos con estado "initialized" => data: {"sessionId":"wc:sessionId:678e79991b636:4424","amount":220000,"returnUrl":"https:\/\/metaversotec.cl\/web\/?wc-api=wc_gateway_transbank_webpay_plus_rest","environment":"TEST","commerceCode":"597055555532"} [] []
2025-01-20 13:28:53 -03:00 > INFO > Procesando retorno desde formulario de Webpay. [] []
2025-01-20 13:28:53 -03:00 > INFO > Request: method -> GET [] []
2025-01-20 13:28:53 -03:00 > INFO > Request: payload -> {"wc-api":"wc_gateway_transbank_webpay_plus_rest","token_ws":"01abf84f62433382df4049a206ee3f989a67457b470a7947b875ae381c0ff57b"} [] []
2025-01-20 13:28:53 -03:00 > INFO > Flujo normal detectado, token: 01abf84f62433382df4049a206ee3f989a67457b470a7947b875ae381c0ff57b [] []
2025-01-20 13:28:53 -03:00 > INFO > BUY_ORDER: wc:85334e17c944e3a5c8:4424 => Preparando datos antes de hacer commit a la transacción en Transbank => data: {"token":"01abf84f62433382df4049a206ee3f989a67457b470a7947b875ae381c0ff57b","environment":"TEST","commerceCode":"597055555532"} [] []
2025-01-20 13:28:53 -03:00 > INFO > ORDER_ID: 4424 [] []
2025-01-20 13:28:53 -03:00 > INFO > INPUT: {"token":"01abf84f62433382df4049a206ee3f989a67457b470a7947b875ae381c0ff57b"} => RESPONSE: {"vci":"TSY","status":"AUTHORIZED","responseCode":0,"amount":220000,"authorizationCode":"1415","paymentTypeCode":"VD","accountingDate":"0120","installmentsNumber":0,"installmentsAmount":null,"sessionId":"wc:sessionId:678e79991b636:4424","buyOrder":"wc:85334e17c944e3a5c8:4424","cardNumber":"7763","cardDetail":{"card_number":"7763"},"transactionDate":"2025-01-20T16:28:10.539Z","balance":null} [] []
2025-01-20 13:28:53 -03:00 > INFO > BUY_ORDER: wc:85334e17c944e3a5c8:4424 => ***** COMMIT TBK OK ***** SI NO SE ENCUENTRA VALIDACION POR WooCommerce DEBE ANULARSE => data: {"token":"01abf84f62433382df4049a206ee3f989a67457b470a7947b875ae381c0ff57b","response":{"vci":"TSY","status":"AUTHORIZED","responseCode":0,"amount":220000,"authorizationCode":"1415","paymentTypeCode":"VD","accountingDate":"0120","installmentsNumber":0,"installmentsAmount":null,"sessionId":"wc:sessionId:678e79991b636:4424","buyOrder":"wc:85334e17c944e3a5c8:4424","cardNumber":"7763","cardDetail":{"card_number":"7763"},"transactionDate":"2025-01-20T16:28:10.539Z","balance":null},"environment":"TEST","commerceCode":"597055555532"} [] []
2025-01-20 13:28:53 -03:00 > INFO > C.5. Transacción con commit exitoso en Transbank y guardado => OC: wc:85334e17c944e3a5c8:4424 [] []
2025-01-20 14:08:13 -03:00 > INFO > BUY_ORDER: wc:1aa3efc51fe403b91e:4444 => Preparando datos antes de crear la transacción en la base de datos => data: {"sessionId":"wc:sessionId:678e82fdd9f82:4444","amount":220000,"returnUrl":"https:\/\/metaversotec.cl\/web\/?wc-api=wc_gateway_transbank_webpay_plus_rest","environment":"TEST","commerceCode":"597055555532"} [] []
2025-01-20 14:08:13 -03:00 > INFO > BUY_ORDER: wc:1aa3efc51fe403b91e:4444 => Transacción creada en la base de datos con estado "prepared" => data: {"sessionId":"wc:sessionId:678e82fdd9f82:4444","amount":220000,"returnUrl":"https:\/\/metaversotec.cl\/web\/?wc-api=wc_gateway_transbank_webpay_plus_rest","environment":"TEST","commerceCode":"597055555532"} [] []
2025-01-20 14:08:13 -03:00 > INFO > BUY_ORDER: wc:1aa3efc51fe403b91e:4444 => Preparando datos antes de crear la transacción en Transbank => data: {"sessionId":"wc:sessionId:678e82fdd9f82:4444","amount":220000,"returnUrl":"https:\/\/metaversotec.cl\/web\/?wc-api=wc_gateway_transbank_webpay_plus_rest","environment":"TEST","commerceCode":"597055555532"} [] []
2025-01-20 14:08:18 -03:00 > INFO > ORDER_ID: 4444 [] []
2025-01-20 14:08:18 -03:00 > INFO > INPUT: {"sessionId":"wc:sessionId:678e82fdd9f82:4444","amount":220000,"returnUrl":"https:\/\/metaversotec.cl\/web\/?wc-api=wc_gateway_transbank_webpay_plus_rest"} => RESPONSE: {"token":"01abb97e4f9caa9e5f5974167ba35af7c733eebed24a3a8ded8225e683e9ce23","url":"https:\/\/webpay3gint.transbank.cl\/webpayserver\/initTransaction"} [] []
2025-01-20 14:08:18 -03:00 > INFO > BUY_ORDER: wc:1aa3efc51fe403b91e:4444 => Transacción actualizada en la base de datos con estado "initialized" => data: {"sessionId":"wc:sessionId:678e82fdd9f82:4444","amount":220000,"returnUrl":"https:\/\/metaversotec.cl\/web\/?wc-api=wc_gateway_transbank_webpay_plus_rest","environment":"TEST","commerceCode":"597055555532"} [] []
2025-01-20 14:08:53 -03:00 > INFO > Procesando retorno desde formulario de Webpay. [] []
2025-01-20 14:08:53 -03:00 > INFO > Request: method -> GET [] []
2025-01-20 14:08:53 -03:00 > INFO > Request: payload -> {"wc-api":"wc_gateway_transbank_webpay_plus_rest","token_ws":"01abb97e4f9caa9e5f5974167ba35af7c733eebed24a3a8ded8225e683e9ce23"} [] []
2025-01-20 14:08:53 -03:00 > INFO > Flujo normal detectado, token: 01abb97e4f9caa9e5f5974167ba35af7c733eebed24a3a8ded8225e683e9ce23 [] []
2025-01-20 14:08:53 -03:00 > INFO > BUY_ORDER: wc:1aa3efc51fe403b91e:4444 => Preparando datos antes de hacer commit a la transacción en Transbank => data: {"token":"01abb97e4f9caa9e5f5974167ba35af7c733eebed24a3a8ded8225e683e9ce23","environment":"TEST","commerceCode":"597055555532"} [] []
2025-01-20 14:08:56 -03:00 > INFO > ORDER_ID: 4444 [] []
2025-01-20 14:08:56 -03:00 > INFO > INPUT: {"token":"01abb97e4f9caa9e5f5974167ba35af7c733eebed24a3a8ded8225e683e9ce23"} => RESPONSE: {"vci":"TSY","status":"AUTHORIZED","responseCode":0,"amount":220000,"authorizationCode":"1415","paymentTypeCode":"VD","accountingDate":"0120","installmentsNumber":0,"installmentsAmount":null,"sessionId":"wc:sessionId:678e82fdd9f82:4444","buyOrder":"wc:1aa3efc51fe403b91e:4444","cardNumber":"7763","cardDetail":{"card_number":"7763"},"transactionDate":"2025-01-20T17:08:19.476Z","balance":null} [] []
2025-01-20 14:08:56 -03:00 > INFO > BUY_ORDER: wc:1aa3efc51fe403b91e:4444 => ***** COMMIT TBK OK ***** SI NO SE ENCUENTRA VALIDACION POR WooCommerce DEBE ANULARSE => data: {"token":"01abb97e4f9caa9e5f5974167ba35af7c733eebed24a3a8ded8225e683e9ce23","response":{"vci":"TSY","status":"AUTHORIZED","responseCode":0,"amount":220000,"authorizationCode":"1415","paymentTypeCode":"VD","accountingDate":"0120","installmentsNumber":0,"installmentsAmount":null,"sessionId":"wc:sessionId:678e82fdd9f82:4444","buyOrder":"wc:1aa3efc51fe403b91e:4444","cardNumber":"7763","cardDetail":{"card_number":"7763"},"transactionDate":"2025-01-20T17:08:19.476Z","balance":null},"environment":"TEST","commerceCode":"597055555532"} [] []
2025-01-20 14:08:56 -03:00 > INFO > C.5. Transacción con commit exitoso en Transbank y guardado => OC: wc:1aa3efc51fe403b91e:4444 [] []
