2025-03-10 04:22:22 -03:00 > DEBUG > La pasarela de pago no es válida, se ha pagado con Transferencia bancaria directa [] []
2025-03-10 11:49:59 -03:00 > INFO > BUY_ORDER: wc:cda4d2cfd6d6f2d68e:5227 => Preparando datos antes de crear la transacción en la base de datos => data: {"sessionId":"wc:sessionId:67cefc17bf80c:5227","amount":9000,"returnUrl":"https:\/\/metaversotec.cl\/web\/?wc-api=wc_gateway_transbank_webpay_plus_rest","environment":"TEST","commerceCode":"597055555532"} [] []
2025-03-10 11:49:59 -03:00 > INFO > BUY_ORDER: wc:cda4d2cfd6d6f2d68e:5227 => Transacción creada en la base de datos con estado "prepared" => data: {"sessionId":"wc:sessionId:67cefc17bf80c:5227","amount":9000,"returnUrl":"https:\/\/metaversotec.cl\/web\/?wc-api=wc_gateway_transbank_webpay_plus_rest","environment":"TEST","commerceCode":"597055555532"} [] []
2025-03-10 11:49:59 -03:00 > INFO > BUY_ORDER: wc:cda4d2cfd6d6f2d68e:5227 => Preparando datos antes de crear la transacción en Transbank => data: {"sessionId":"wc:sessionId:67cefc17bf80c:5227","amount":9000,"returnUrl":"https:\/\/metaversotec.cl\/web\/?wc-api=wc_gateway_transbank_webpay_plus_rest","environment":"TEST","commerceCode":"597055555532"} [] []
2025-03-10 11:50:00 -03:00 > INFO > ORDER_ID: 5227 [] []
2025-03-10 11:50:00 -03:00 > INFO > INPUT: {"sessionId":"wc:sessionId:67cefc17bf80c:5227","amount":9000,"returnUrl":"https:\/\/metaversotec.cl\/web\/?wc-api=wc_gateway_transbank_webpay_plus_rest"} => RESPONSE: {"token":"01ab1c5ea413728f3e2f2fc293cbfa73cfe1fbe8aeef85c54119894237bc7618","url":"https:\/\/webpay3gint.transbank.cl\/webpayserver\/initTransaction"} [] []
2025-03-10 11:50:00 -03:00 > INFO > BUY_ORDER: wc:cda4d2cfd6d6f2d68e:5227 => Transacción actualizada en la base de datos con estado "initialized" => data: {"sessionId":"wc:sessionId:67cefc17bf80c:5227","amount":9000,"returnUrl":"https:\/\/metaversotec.cl\/web\/?wc-api=wc_gateway_transbank_webpay_plus_rest","environment":"TEST","commerceCode":"597055555532"} [] []
2025-03-10 11:50:45 -03:00 > INFO > Procesando retorno desde formulario de Webpay. [] []
2025-03-10 11:50:45 -03:00 > INFO > Request: method -> GET [] []
2025-03-10 11:50:45 -03:00 > INFO > Request: payload -> {"wc-api":"wc_gateway_transbank_webpay_plus_rest","token_ws":"01ab1c5ea413728f3e2f2fc293cbfa73cfe1fbe8aeef85c54119894237bc7618"} [] []
2025-03-10 11:50:45 -03:00 > INFO > Flujo normal detectado, token: 01ab1c5ea413728f3e2f2fc293cbfa73cfe1fbe8aeef85c54119894237bc7618 [] []
2025-03-10 11:50:45 -03:00 > INFO > BUY_ORDER: wc:cda4d2cfd6d6f2d68e:5227 => Preparando datos antes de hacer commit a la transacción en Transbank => data: {"token":"01ab1c5ea413728f3e2f2fc293cbfa73cfe1fbe8aeef85c54119894237bc7618","environment":"TEST","commerceCode":"597055555532"} [] []
2025-03-10 11:50:51 -03:00 > INFO > ORDER_ID: 5227 [] []
2025-03-10 11:50:51 -03:00 > INFO > INPUT: {"token":"01ab1c5ea413728f3e2f2fc293cbfa73cfe1fbe8aeef85c54119894237bc7618"} => RESPONSE: {"vci":"TSY","status":"AUTHORIZED","responseCode":0,"amount":9000,"authorizationCode":"1415","paymentTypeCode":"VD","accountingDate":"0310","installmentsNumber":0,"installmentsAmount":null,"sessionId":"wc:sessionId:67cefc17bf80c:5227","buyOrder":"wc:cda4d2cfd6d6f2d68e:5227","cardNumber":"7763","cardDetail":{"card_number":"7763"},"transactionDate":"2025-03-10T14:50:00.956Z","balance":null} [] []
2025-03-10 11:50:51 -03:00 > INFO > BUY_ORDER: wc:cda4d2cfd6d6f2d68e:5227 => ***** COMMIT TBK OK ***** SI NO SE ENCUENTRA VALIDACION POR WooCommerce DEBE ANULARSE => data: {"token":"01ab1c5ea413728f3e2f2fc293cbfa73cfe1fbe8aeef85c54119894237bc7618","response":{"vci":"TSY","status":"AUTHORIZED","responseCode":0,"amount":9000,"authorizationCode":"1415","paymentTypeCode":"VD","accountingDate":"0310","installmentsNumber":0,"installmentsAmount":null,"sessionId":"wc:sessionId:67cefc17bf80c:5227","buyOrder":"wc:cda4d2cfd6d6f2d68e:5227","cardNumber":"7763","cardDetail":{"card_number":"7763"},"transactionDate":"2025-03-10T14:50:00.956Z","balance":null},"environment":"TEST","commerceCode":"597055555532"} [] []
2025-03-10 11:50:51 -03:00 > INFO > C.5. Transacción con commit exitoso en Transbank y guardado => OC: wc:cda4d2cfd6d6f2d68e:5227 [] []
2025-03-10 12:04:57 -03:00 > INFO > BUY_ORDER: wc:e322a796b10affb356:5230 => Preparando datos antes de crear la transacción en la base de datos => data: {"sessionId":"wc:sessionId:67ceff995383c:5230","amount":9000,"returnUrl":"https:\/\/metaversotec.cl\/web\/?wc-api=wc_gateway_transbank_webpay_plus_rest","environment":"TEST","commerceCode":"597055555532"} [] []
2025-03-10 12:04:57 -03:00 > INFO > BUY_ORDER: wc:e322a796b10affb356:5230 => Transacción creada en la base de datos con estado "prepared" => data: {"sessionId":"wc:sessionId:67ceff995383c:5230","amount":9000,"returnUrl":"https:\/\/metaversotec.cl\/web\/?wc-api=wc_gateway_transbank_webpay_plus_rest","environment":"TEST","commerceCode":"597055555532"} [] []
2025-03-10 12:04:57 -03:00 > INFO > BUY_ORDER: wc:e322a796b10affb356:5230 => Preparando datos antes de crear la transacción en Transbank => data: {"sessionId":"wc:sessionId:67ceff995383c:5230","amount":9000,"returnUrl":"https:\/\/metaversotec.cl\/web\/?wc-api=wc_gateway_transbank_webpay_plus_rest","environment":"TEST","commerceCode":"597055555532"} [] []
2025-03-10 12:04:58 -03:00 > INFO > ORDER_ID: 5230 [] []
2025-03-10 12:04:58 -03:00 > INFO > INPUT: {"sessionId":"wc:sessionId:67ceff995383c:5230","amount":9000,"returnUrl":"https:\/\/metaversotec.cl\/web\/?wc-api=wc_gateway_transbank_webpay_plus_rest"} => RESPONSE: {"token":"01abbaec7bda69e0de98caf954a840eb37dc2336e4cdb4e7aaf0542b9c2c34f6","url":"https:\/\/webpay3gint.transbank.cl\/webpayserver\/initTransaction"} [] []
2025-03-10 12:04:58 -03:00 > INFO > BUY_ORDER: wc:e322a796b10affb356:5230 => Transacción actualizada en la base de datos con estado "initialized" => data: {"sessionId":"wc:sessionId:67ceff995383c:5230","amount":9000,"returnUrl":"https:\/\/metaversotec.cl\/web\/?wc-api=wc_gateway_transbank_webpay_plus_rest","environment":"TEST","commerceCode":"597055555532"} [] []
2025-03-10 12:06:11 -03:00 > INFO > Procesando retorno desde formulario de Webpay. [] []
2025-03-10 12:06:11 -03:00 > INFO > Request: method -> GET [] []
2025-03-10 12:06:11 -03:00 > INFO > Request: payload -> {"wc-api":"wc_gateway_transbank_webpay_plus_rest","token_ws":"01abbaec7bda69e0de98caf954a840eb37dc2336e4cdb4e7aaf0542b9c2c34f6"} [] []
2025-03-10 12:06:11 -03:00 > INFO > Flujo normal detectado, token: 01abbaec7bda69e0de98caf954a840eb37dc2336e4cdb4e7aaf0542b9c2c34f6 [] []
2025-03-10 12:06:11 -03:00 > INFO > BUY_ORDER: wc:e322a796b10affb356:5230 => Preparando datos antes de hacer commit a la transacción en Transbank => data: {"token":"01abbaec7bda69e0de98caf954a840eb37dc2336e4cdb4e7aaf0542b9c2c34f6","environment":"TEST","commerceCode":"597055555532"} [] []
2025-03-10 12:06:12 -03:00 > INFO > ORDER_ID: 5230 [] []
2025-03-10 12:06:12 -03:00 > INFO > INPUT: {"token":"01abbaec7bda69e0de98caf954a840eb37dc2336e4cdb4e7aaf0542b9c2c34f6"} => RESPONSE: {"vci":"TSY","status":"AUTHORIZED","responseCode":0,"amount":9000,"authorizationCode":"1415","paymentTypeCode":"VD","accountingDate":"0310","installmentsNumber":0,"installmentsAmount":null,"sessionId":"wc:sessionId:67ceff995383c:5230","buyOrder":"wc:e322a796b10affb356:5230","cardNumber":"7763","cardDetail":{"card_number":"7763"},"transactionDate":"2025-03-10T15:04:58.432Z","balance":null} [] []
2025-03-10 12:06:12 -03:00 > INFO > BUY_ORDER: wc:e322a796b10affb356:5230 => ***** COMMIT TBK OK ***** SI NO SE ENCUENTRA VALIDACION POR WooCommerce DEBE ANULARSE => data: {"token":"01abbaec7bda69e0de98caf954a840eb37dc2336e4cdb4e7aaf0542b9c2c34f6","response":{"vci":"TSY","status":"AUTHORIZED","responseCode":0,"amount":9000,"authorizationCode":"1415","paymentTypeCode":"VD","accountingDate":"0310","installmentsNumber":0,"installmentsAmount":null,"sessionId":"wc:sessionId:67ceff995383c:5230","buyOrder":"wc:e322a796b10affb356:5230","cardNumber":"7763","cardDetail":{"card_number":"7763"},"transactionDate":"2025-03-10T15:04:58.432Z","balance":null},"environment":"TEST","commerceCode":"597055555532"} [] []
2025-03-10 12:06:12 -03:00 > INFO > C.5. Transacción con commit exitoso en Transbank y guardado => OC: wc:e322a796b10affb356:5230 [] []
2025-03-10 12:11:45 -03:00 > INFO > BUY_ORDER: wc:dbfa96e4ef77485ac4:5232 => Preparando datos antes de crear la transacción en la base de datos => data: {"sessionId":"wc:sessionId:67cf01312687d:5232","amount":9000,"returnUrl":"https:\/\/metaversotec.cl\/web\/?wc-api=wc_gateway_transbank_webpay_plus_rest","environment":"TEST","commerceCode":"597055555532"} [] []
2025-03-10 12:11:45 -03:00 > INFO > BUY_ORDER: wc:dbfa96e4ef77485ac4:5232 => Transacción creada en la base de datos con estado "prepared" => data: {"sessionId":"wc:sessionId:67cf01312687d:5232","amount":9000,"returnUrl":"https:\/\/metaversotec.cl\/web\/?wc-api=wc_gateway_transbank_webpay_plus_rest","environment":"TEST","commerceCode":"597055555532"} [] []
2025-03-10 12:11:45 -03:00 > INFO > BUY_ORDER: wc:dbfa96e4ef77485ac4:5232 => Preparando datos antes de crear la transacción en Transbank => data: {"sessionId":"wc:sessionId:67cf01312687d:5232","amount":9000,"returnUrl":"https:\/\/metaversotec.cl\/web\/?wc-api=wc_gateway_transbank_webpay_plus_rest","environment":"TEST","commerceCode":"597055555532"} [] []
2025-03-10 12:11:45 -03:00 > INFO > ORDER_ID: 5232 [] []
2025-03-10 12:11:45 -03:00 > INFO > INPUT: {"sessionId":"wc:sessionId:67cf01312687d:5232","amount":9000,"returnUrl":"https:\/\/metaversotec.cl\/web\/?wc-api=wc_gateway_transbank_webpay_plus_rest"} => RESPONSE: {"token":"01ab918d603daa591d757e5f771785b19230117ffab129e8c7cc63f0ab8714c9","url":"https:\/\/webpay3gint.transbank.cl\/webpayserver\/initTransaction"} [] []
2025-03-10 12:11:45 -03:00 > INFO > BUY_ORDER: wc:dbfa96e4ef77485ac4:5232 => Transacción actualizada en la base de datos con estado "initialized" => data: {"sessionId":"wc:sessionId:67cf01312687d:5232","amount":9000,"returnUrl":"https:\/\/metaversotec.cl\/web\/?wc-api=wc_gateway_transbank_webpay_plus_rest","environment":"TEST","commerceCode":"597055555532"} [] []
2025-03-10 12:12:56 -03:00 > INFO > Procesando retorno desde formulario de Webpay. [] []
2025-03-10 12:12:56 -03:00 > INFO > Request: method -> GET [] []
2025-03-10 12:12:56 -03:00 > INFO > Request: payload -> {"wc-api":"wc_gateway_transbank_webpay_plus_rest","token_ws":"01ab918d603daa591d757e5f771785b19230117ffab129e8c7cc63f0ab8714c9"} [] []
2025-03-10 12:12:56 -03:00 > INFO > Flujo normal detectado, token: 01ab918d603daa591d757e5f771785b19230117ffab129e8c7cc63f0ab8714c9 [] []
2025-03-10 12:12:56 -03:00 > INFO > BUY_ORDER: wc:dbfa96e4ef77485ac4:5232 => Preparando datos antes de hacer commit a la transacción en Transbank => data: {"token":"01ab918d603daa591d757e5f771785b19230117ffab129e8c7cc63f0ab8714c9","environment":"TEST","commerceCode":"597055555532"} [] []
2025-03-10 12:12:56 -03:00 > INFO > ORDER_ID: 5232 [] []
2025-03-10 12:12:56 -03:00 > INFO > INPUT: {"token":"01ab918d603daa591d757e5f771785b19230117ffab129e8c7cc63f0ab8714c9"} => RESPONSE: {"vci":"TSY","status":"AUTHORIZED","responseCode":0,"amount":9000,"authorizationCode":"1415","paymentTypeCode":"VD","accountingDate":"0310","installmentsNumber":0,"installmentsAmount":null,"sessionId":"wc:sessionId:67cf01312687d:5232","buyOrder":"wc:dbfa96e4ef77485ac4:5232","cardNumber":"7763","cardDetail":{"card_number":"7763"},"transactionDate":"2025-03-10T15:11:46.213Z","balance":null} [] []
2025-03-10 12:12:56 -03:00 > INFO > BUY_ORDER: wc:dbfa96e4ef77485ac4:5232 => ***** COMMIT TBK OK ***** SI NO SE ENCUENTRA VALIDACION POR WooCommerce DEBE ANULARSE => data: {"token":"01ab918d603daa591d757e5f771785b19230117ffab129e8c7cc63f0ab8714c9","response":{"vci":"TSY","status":"AUTHORIZED","responseCode":0,"amount":9000,"authorizationCode":"1415","paymentTypeCode":"VD","accountingDate":"0310","installmentsNumber":0,"installmentsAmount":null,"sessionId":"wc:sessionId:67cf01312687d:5232","buyOrder":"wc:dbfa96e4ef77485ac4:5232","cardNumber":"7763","cardDetail":{"card_number":"7763"},"transactionDate":"2025-03-10T15:11:46.213Z","balance":null},"environment":"TEST","commerceCode":"597055555532"} [] []
2025-03-10 12:12:56 -03:00 > INFO > C.5. Transacción con commit exitoso en Transbank y guardado => OC: wc:dbfa96e4ef77485ac4:5232 [] []
