01-14-2025 @ 05:38:38 -: Assign-category - 1 
 01-14-2025 @ 05:38:38 -: Category created - CONTROL DE INCENDIOS 
 01-14-2025 @ 05:38:39 -: Course created as product - USO Y MANEJO DE EXTINTORES 
 01-14-2025 @ 05:38:39 -: Assign-category - 1 
 01-14-2025 @ 05:38:39 -: Category created - SALUD EN EL TRABAJO 
 01-14-2025 @ 05:38:40 -: Course created as product - TRABAJO EN ALTURA 
 01-14-2025 @ 05:38:40 -: Assign-category - 1 
 01-14-2025 @ 05:38:40 -: Category created - Interactivo 
 01-14-2025 @ 05:38:41 -: Course created as product - HOMBRE AL AGUA 
 01-14-2025 @ 05:38:41 -: Assign-category - 1 
 01-14-2025 @ 05:38:42 -: Course created as product - REANIMACION CARDIO PULMONAR 
 01-14-2025 @ 05:38:42 -: Assign-category - 1 
 01-14-2025 @ 05:38:42 -: Course created as product - PRIMEROS AUXILIOS 
 01-14-2025 @ 05:38:42 -: Assign-category - 1 
 01-14-2025 @ 05:38:43 -: Course created as product - SUSTANCIAS PELIGROSAS 
 01-14-2025 @ 05:38:43 -: Assign-category - 1 
 01-14-2025 @ 05:38:44 -: Course created as product - CURSO RCP 
 01-14-2025 @ 05:38:44 -: Assign-category - 1 
 01-14-2025 @ 05:38:44 -: Category created - LEGAL 
 01-14-2025 @ 05:38:50 -: Course created as product - LEY KARIN 
 01-14-2025 @ 05:38:50 -: Assign-category - 1 
 01-14-2025 @ 05:38:50 -: Course created as product - MANEJO MANUAL DE CARGAS 
 01-14-2025 @ 05:38:50 -: Assign-category - 1 
 01-14-2025 @ 05:38:51 -: Course created as product - BRIGADAS DE EMERGENCIA 
 01-14-2025 @ 05:38:51 -: Assign-category - 1 
 01-14-2025 @ 05:38:51 -: Course created as product - PREVENCION DE ALCOHOL Y DROGAS 
 01-14-2025 @ 05:38:51 -: Assign-category - 1 
 01-14-2025 @ 05:38:51 -: Course created as product - ERGONOMÍA EN EL TRABAJO 
 01-14-2025 @ 05:38:51 -: Assign-category - 1 
 01-14-2025 @ 05:38:52 -: Course created as product - USO DE EPP 
 01-14-2025 @ 05:38:52 -: Assign-category - 1 
 01-14-2025 @ 05:38:52 -: Course created as product - MANEJO A LA DEFENSIVA 
 01-14-2025 @ 05:38:52 -: Assign-category - 1 
 01-14-2025 @ 05:38:52 -: Course created as product - INTRODUCCION DECRETO 44 
 01-14-2025 @ 06:10:55 -: Course product updated - USO Y MANEJO DE EXTINTORES 
 01-14-2025 @ 06:10:56 -: Course product updated - TRABAJO EN ALTURA 
 01-14-2025 @ 06:10:57 -: Course product updated - HOMBRE AL AGUA 
 01-14-2025 @ 06:10:57 -: Course product updated - REANIMACION CARDIO PULMONAR 
 01-14-2025 @ 06:10:58 -: Course product updated - PRIMEROS AUXILIOS 
 01-14-2025 @ 06:10:59 -: Course product updated - SUSTANCIAS PELIGROSAS 
 01-14-2025 @ 06:11:00 -: Course product updated - CURSO RCP 
 01-14-2025 @ 06:11:06 -: Course product updated - LEY KARIN 
 01-14-2025 @ 06:11:06 -: Course product updated - MANEJO MANUAL DE CARGAS 
 01-14-2025 @ 06:11:07 -: Course product updated - BRIGADAS DE EMERGENCIA 
 01-14-2025 @ 06:11:07 -: Course product updated - PREVENCION DE ALCOHOL Y DROGAS 
 01-14-2025 @ 06:11:07 -: Course product updated - ERGONOMÍA EN EL TRABAJO 
 01-14-2025 @ 06:11:07 -: Course product updated - USO DE EPP 
 01-14-2025 @ 06:11:07 -: Course product updated - MANEJO A LA DEFENSIVA 
 01-14-2025 @ 06:11:07 -: Course product updated - INTRODUCCION DECRETO 44 
 01-17-2025 @ 13:47:16 -: Course product updated - USO Y MANEJO DE EXTINTORES 
 01-17-2025 @ 13:47:17 -: Course product updated - TRABAJO EN ALTURA 
 01-17-2025 @ 13:47:17 -: Course product updated - HOMBRE AL AGUA 
 01-17-2025 @ 13:47:18 -: Course product updated - REANIMACION CARDIO PULMONAR 
 01-17-2025 @ 13:47:19 -: Course product updated - PRIMEROS AUXILIOS 
 01-17-2025 @ 13:47:20 -: Course product updated - SUSTANCIAS PELIGROSAS 
 01-17-2025 @ 13:47:21 -: Course product updated - CURSO RCP 
 01-17-2025 @ 13:47:26 -: Course product updated - LEY KARIN 
 01-17-2025 @ 13:47:27 -: Course product updated - MANEJO MANUAL DE CARGAS 
 01-17-2025 @ 13:47:27 -: Course product updated - BRIGADAS DE EMERGENCIA 
 01-17-2025 @ 13:47:27 -: Course product updated - PREVENCION DE ALCOHOL Y DROGAS 
 01-17-2025 @ 13:47:28 -: Course product updated - ERGONOMÍA EN EL TRABAJO 
 01-17-2025 @ 13:47:28 -: Course product updated - USO DE EPP 
 01-17-2025 @ 13:47:28 -: Course product updated - MANEJO A LA DEFENSIVA 
 01-17-2025 @ 13:47:28 -: Course product updated - INTRODUCCION DECRETO 44 
 01-17-2025 @ 13:47:28 -: Assign-category - 
 01-17-2025 @ 13:47:28 -: Course created as product - INDUCCIÓN A LA SEGURIDAD Y SALUD EN EL TRABAJO 
 01-20-2025 @ 10:24:09 -: Course product updated - USO Y MANEJO DE EXTINTORES 
 01-20-2025 @ 10:24:09 -: Course product updated - TRABAJO EN ALTURA 
 01-20-2025 @ 10:24:10 -: Course product updated - HOMBRE AL AGUA 
 01-20-2025 @ 10:24:10 -: Course product updated - REANIMACION CARDIO PULMONAR 
 01-20-2025 @ 10:24:10 -: Course product updated - PRIMEROS AUXILIOS 
 01-20-2025 @ 10:24:11 -: Course product updated - SUSTANCIAS PELIGROSAS 
 01-20-2025 @ 10:24:11 -: Course product updated - CURSO RCP 
 01-20-2025 @ 10:24:11 -: Course product updated - LEY KARIN 
 01-20-2025 @ 10:24:11 -: Course product updated - MANEJO MANUAL DE CARGAS 
 01-20-2025 @ 10:24:11 -: Course product updated - BRIGADAS DE EMERGENCIA 
 01-20-2025 @ 10:24:11 -: Course product updated - PREVENCION DE ALCOHOL Y DROGAS 
 01-20-2025 @ 10:24:12 -: Course product updated - ERGONOMÍA EN EL TRABAJO 
 01-20-2025 @ 10:24:12 -: Course product updated - USO DE EPP 
 01-20-2025 @ 10:24:12 -: Course product updated - MANEJO A LA DEFENSIVA 
 01-20-2025 @ 10:24:12 -: Course product updated - INTRODUCCION DECRETO 44 
 01-20-2025 @ 10:24:12 -: Category created - TRANSVERSALES 
 01-20-2025 @ 10:24:12 -: Course product updated - INDUCCIÓN A LA SEGURIDAD Y SALUD EN EL TRABAJO 
 01-21-2025 @ 12:30:25 -: Course product updated - USO Y MANEJO DE EXTINTORES 
 01-21-2025 @ 12:30:25 -: Course product updated - TRABAJO EN ALTURA 
 01-21-2025 @ 12:30:26 -: Course product updated - HOMBRE AL AGUA 
 01-21-2025 @ 12:30:27 -: Course product updated - REANIMACION CARDIO PULMONAR 
 01-21-2025 @ 12:30:27 -: Course product updated - PRIMEROS AUXILIOS 
 01-21-2025 @ 12:30:27 -: Course product updated - SUSTANCIAS PELIGROSAS 
 01-21-2025 @ 12:30:28 -: Course product updated - CURSO RCP 
 01-21-2025 @ 12:30:28 -: Course product updated - LEY KARIN 
 01-21-2025 @ 12:30:28 -: Course product updated - MANEJO MANUAL DE CARGAS 
 01-21-2025 @ 12:30:29 -: Course product updated - BRIGADAS DE EMERGENCIA 
 01-21-2025 @ 12:30:29 -: Course product updated - PREVENCION DE ALCOHOL Y DROGAS 
 01-21-2025 @ 12:30:29 -: Course product updated - ERGONOMÍA EN EL TRABAJO 
 01-21-2025 @ 12:30:29 -: Course product updated - USO DE EPP 
 01-21-2025 @ 12:30:30 -: Course product updated - MANEJO A LA DEFENSIVA 
 01-21-2025 @ 12:30:30 -: Course product updated - INTRODUCCION DECRETO 44 
 01-21-2025 @ 12:30:30 -: Course product updated - INDUCCIÓN A LA SEGURIDAD Y SALUD EN EL TRABAJO 
 01-21-2025 @ 12:43:05 -: Course product updated - USO Y MANEJO DE EXTINTORES 
 01-21-2025 @ 12:43:05 -: Course product updated - TRABAJO EN ALTURA 
 01-21-2025 @ 12:43:05 -: Course product updated - HOMBRE AL AGUA 
 01-21-2025 @ 12:43:06 -: Course product updated - REANIMACION CARDIO PULMONAR 
 01-21-2025 @ 12:43:06 -: Course product updated - PRIMEROS AUXILIOS 
 01-21-2025 @ 12:43:07 -: Course product updated - SUSTANCIAS PELIGROSAS 
 01-21-2025 @ 12:43:07 -: Course product updated - CURSO RCP 
 01-21-2025 @ 12:43:07 -: Course product updated - LEY KARIN 
 01-21-2025 @ 12:43:07 -: Course product updated - MANEJO MANUAL DE CARGAS 
 01-21-2025 @ 12:43:08 -: Course product updated - BRIGADAS DE EMERGENCIA 
 01-21-2025 @ 12:43:08 -: Course product updated - PREVENCION DE ALCOHOL Y DROGAS 
 01-21-2025 @ 12:43:08 -: Course product updated - ERGONOMÍA EN EL TRABAJO 
 01-21-2025 @ 12:43:09 -: Course product updated - USO DE EPP 
 01-21-2025 @ 12:43:09 -: Course product updated - MANEJO A LA DEFENSIVA 
 01-21-2025 @ 12:43:09 -: Course product updated - INTRODUCCION DECRETO 44 
 01-21-2025 @ 12:43:09 -: Course product updated - INDUCCIÓN A LA SEGURIDAD Y SALUD EN EL TRABAJO 
 01-21-2025 @ 22:21:16 -: Course product updated - USO Y MANEJO DE EXTINTORES 
 01-21-2025 @ 22:21:17 -: Course product updated - TRABAJO EN ALTURA 
 01-21-2025 @ 22:21:17 -: Course product updated - HOMBRE AL AGUA 
 01-21-2025 @ 22:21:17 -: Course product updated - REANIMACION CARDIO PULMONAR 
 01-21-2025 @ 22:21:17 -: Course product updated - PRIMEROS AUXILIOS 
 01-21-2025 @ 22:21:18 -: Course product updated - SUSTANCIAS PELIGROSAS 
 01-21-2025 @ 22:21:18 -: Course product updated - CURSO RCP 
 01-21-2025 @ 22:21:18 -: Course product updated - LEY KARIN 
 01-21-2025 @ 22:21:19 -: Course product updated - MANEJO MANUAL DE CARGAS 
 01-21-2025 @ 22:21:19 -: Course product updated - BRIGADAS DE EMERGENCIA 
 01-21-2025 @ 22:21:19 -: Course product updated - PREVENCION DE ALCOHOL Y DROGAS 
 01-21-2025 @ 22:21:19 -: Course product updated - ERGONOMÍA EN EL TRABAJO 
 01-21-2025 @ 22:21:20 -: Course product updated - USO DE EPP 
 01-21-2025 @ 22:21:20 -: Course product updated - MANEJO A LA DEFENSIVA 
 01-21-2025 @ 22:21:20 -: Course product updated - INTRODUCCION DECRETO 44 
 01-21-2025 @ 22:21:21 -: Course product updated - INDUCCIÓN A LA SEGURIDAD Y SALUD EN EL TRABAJO 
 02-05-2025 @ 13:12:38 -: Course product updated - USO Y MANEJO DE EXTINTORES 
 02-05-2025 @ 13:12:38 -: Course product updated - TRABAJO EN ALTURA 
 02-05-2025 @ 13:12:39 -: Course product updated - HOMBRE AL AGUA 
 02-05-2025 @ 13:12:39 -: Course product updated - REANIMACION CARDIO PULMONAR 
 02-05-2025 @ 13:12:39 -: Course product updated - PRIMEROS AUXILIOS 
 02-05-2025 @ 13:12:40 -: Course product updated - SUSTANCIAS PELIGROSAS 
 02-05-2025 @ 13:12:40 -: Course product updated - CURSO RCP 
 02-05-2025 @ 13:12:40 -: Course product updated - LEY KARIN 
 02-05-2025 @ 13:12:41 -: Course product updated - MANEJO MANUAL DE CARGAS 
 02-05-2025 @ 13:12:41 -: Course product updated - BRIGADAS DE EMERGENCIA 
 02-05-2025 @ 13:12:41 -: Course product updated - PREVENCION DE ALCOHOL Y DROGAS 
 02-05-2025 @ 13:12:41 -: Course product updated - ERGONOMÍA EN EL TRABAJO 
 02-05-2025 @ 13:12:42 -: Course product updated - USO DE EPP 
 02-05-2025 @ 13:12:42 -: Course product updated - MANEJO A LA DEFENSIVA 
 02-05-2025 @ 13:12:42 -: Course product updated - INTRODUCCION DECRETO 44 
 02-05-2025 @ 13:12:43 -: Course product updated - INDUCCIÓN A LA SEGURIDAD Y SALUD EN EL TRABAJO 
 04-03-2025 @ 07:38:11 -: Assign-category - 
 04-03-2025 @ 07:38:12 -: Course created as product - TTT 
 04-03-2025 @ 08:08:48 -: Course product updated - TTT 
 