03-20-2026 @ 06:47:33 - Categories synchronized
03-20-2026 @ 06:47:33 - Update all associated Products ...
03-20-2026 @ 06:47:33 - Categories assigned 39
03-20-2026 @ 06:47:33 - Categories assigned 41
03-20-2026 @ 06:47:33 - Categories assigned 41
03-20-2026 @ 06:47:33 - Categories assigned 40
03-20-2026 @ 06:47:33 - Categories assigned 40
03-20-2026 @ 06:47:33 - Categories assigned 40
03-20-2026 @ 06:47:33 - Categories assigned 40
03-20-2026 @ 06:47:33 - Categories assigned 42
03-20-2026 @ 06:47:33 - Categories assigned 41
03-20-2026 @ 06:47:33 - Categories assigned 39
03-20-2026 @ 06:47:33 - Categories assigned 40
03-20-2026 @ 06:47:33 - Categories assigned 40
03-20-2026 @ 06:47:33 - Categories assigned 40
03-20-2026 @ 06:47:33 - Categories assigned 41
03-20-2026 @ 06:47:33 - Categories assigned 42
03-20-2026 @ 06:47:33 - Categories assigned 61
03-20-2026 @ 06:47:34 - Categories assigned 41
03-20-2026 @ 06:47:34 - Categories assigned 66
03-20-2026 @ 06:47:34 - Categories assigned 66
03-20-2026 @ 06:47:34 - Creating Product for course id: 4668
03-20-2026 @ 06:47:34 - Product created, ID is: 7429
03-20-2026 @ 06:47:34 - Categories assigned 63
03-20-2026 @ 06:47:34 - Creating Product for course id: 4669
03-20-2026 @ 06:47:34 - Product created, ID is: 7430
03-20-2026 @ 06:47:34 - Categories assigned 63
03-20-2026 @ 06:47:34 - Creating Product for course id: 4670
03-20-2026 @ 06:47:34 - Product created, ID is: 7431
03-20-2026 @ 06:47:34 - Categories assigned 63
03-20-2026 @ 06:47:34 - Creating Product for course id: 4671
03-20-2026 @ 06:47:34 - Product created, ID is: 7432
03-20-2026 @ 06:47:34 - Categories assigned 63
03-20-2026 @ 06:47:34 - Creating Product for course id: 4672
03-20-2026 @ 06:47:34 - Product created, ID is: 7433
03-20-2026 @ 06:47:34 - Categories assigned 63
03-20-2026 @ 06:47:34 - Creating Product for course id: 4673
03-20-2026 @ 06:47:34 - Product created, ID is: 7434
03-20-2026 @ 06:47:34 - Categories assigned 63
03-20-2026 @ 06:47:34 - Creating Product for course id: 4674
03-20-2026 @ 06:47:34 - Product created, ID is: 7435
03-20-2026 @ 06:47:34 - Categories assigned 63
03-20-2026 @ 06:47:34 - Creating Product for course id: 4675
03-20-2026 @ 06:47:34 - Product created, ID is: 7436
03-20-2026 @ 06:47:34 - Categories assigned 63
03-20-2026 @ 06:47:34 - Creating Product for course id: 4676
03-20-2026 @ 06:47:34 - Product created, ID is: 7437
03-20-2026 @ 06:47:34 - Categories assigned 63
03-20-2026 @ 06:47:34 - Creating Product for course id: 4677
03-20-2026 @ 06:47:34 - Product created, ID is: 7438
03-20-2026 @ 06:47:34 - Categories assigned 63
03-20-2026 @ 06:47:34 - Creating Product for course id: 7423
03-20-2026 @ 06:47:34 - Product created, ID is: 7439
03-20-2026 @ 06:47:34 - Categories assigned 41
03-20-2026 @ 06:47:34 - Creating Product for course id: 6600
03-20-2026 @ 06:47:34 - Product created, ID is: 7440
03-20-2026 @ 06:47:34 - Categories assigned 61
03-20-2026 @ 06:47:34 - Creating Product for course id: 6684
03-20-2026 @ 06:47:34 - Product created, ID is: 7441
03-20-2026 @ 06:47:34 - Categories assigned 61
03-20-2026 @ 06:47:34 - Creating Product for course id: 6691
03-20-2026 @ 06:47:34 - Product created, ID is: 7442
03-20-2026 @ 06:47:34 - Categories assigned 66
03-20-2026 @ 06:47:34 - Creating Product for course id: 6692
03-20-2026 @ 06:47:34 - Product created, ID is: 7443
03-20-2026 @ 06:47:34 - Categories assigned 66
03-20-2026 @ 06:47:34 - Creating Product for course id: 7297
03-20-2026 @ 06:47:34 - Product created, ID is: 7444
03-20-2026 @ 06:47:34 - Categories assigned 69
03-20-2026 @ 06:47:34 - Creating Product for course id: 7388
03-20-2026 @ 06:47:34 - Product created, ID is: 7445
03-20-2026 @ 06:47:34 - Categories assigned 40
03-20-2026 @ 06:47:34 - Creating Product for course id: 7389
03-20-2026 @ 06:47:34 - Product created, ID is: 7446
03-20-2026 @ 06:47:34 - Categories assigned 61
03-20-2026 @ 06:47:34 - Creating Product for course id: 7400
03-20-2026 @ 06:47:35 - Product created, ID is: 7447
03-20-2026 @ 06:47:35 - Categories assigned 66
03-20-2026 @ 06:47:35 - Creating Product for course id: 7424
03-20-2026 @ 06:47:35 - Product created, ID is: 7448
03-20-2026 @ 06:47:35 - Categories assigned 41
03-20-2026 @ 06:47:35 - Creating Product for course id: 7425
03-20-2026 @ 06:47:35 - Product created, ID is: 7449
03-20-2026 @ 06:47:35 - Categories assigned 41
03-20-2026 @ 06:47:35 - Creating Product for course id: 7426
03-20-2026 @ 06:47:35 - Product created, ID is: 7450
03-20-2026 @ 06:47:35 - Categories assigned 61
03-20-2026 @ 06:47:35 - Creating Product for course id: 7428
03-20-2026 @ 06:47:35 - Product created, ID is: 7451
03-20-2026 @ 06:47:35 - Categories assigned 39
03-20-2026 @ 06:47:35 - Creating Product for course id: 5649
03-20-2026 @ 06:47:35 - Product created, ID is: 7452
03-20-2026 @ 06:47:35 - Categories assigned 61
