03-20-2026 @ 06:16:09 - Associated moodle a/c found? :Yes, Moodle user ID is: 29
03-20-2026 @ 06:16:09 - Course IDs: a:3:{i:5;i:4165;i:6;i:4185;i:7;i:4175;}
03-20-2026 @ 06:16:09 - Respective moodle course IDs: a:3:{i:4165;s:1:"3";i:4185;s:2:"13";i:4175;s:1:"8";}
03-20-2026 @ 06:16:09 - 

03-20-2026 @ 06:16:11 - Associated moodle a/c found? :Yes, Moodle user ID is: 29
03-20-2026 @ 06:16:11 - Course IDs: a:0:{}
03-20-2026 @ 06:16:11 - Respective moodle course IDs: a:0:{}
03-20-2026 @ 06:16:11 - 

03-20-2026 @ 06:16:11 - Start creating/updating moodle user, Updating: 1
03-20-2026 @ 06:18:09 - Associated moodle a/c found? :Yes, Moodle user ID is: 29
03-20-2026 @ 06:18:09 - Course IDs: a:0:{}
03-20-2026 @ 06:18:09 - Respective moodle course IDs: a:0:{}
03-20-2026 @ 06:18:09 - 

03-20-2026 @ 06:18:09 - Associated moodle a/c found? :Yes, Moodle user ID is: 29
03-20-2026 @ 06:18:09 - Course IDs: a:0:{}
03-20-2026 @ 06:18:09 - Respective moodle course IDs: a:0:{}
03-20-2026 @ 06:18:09 - 

03-20-2026 @ 06:18:09 - Start creating/updating moodle user, Updating: 1
03-20-2026 @ 06:28:10 - Start creating/updating moodle user, Updating: 0
03-20-2026 @ 06:28:10 - Checking if username exists....
03-20-2026 @ 06:28:10 - Checking if username exists....
03-20-2026 @ 06:28:23 - Start creating/updating moodle user, Updating: 0
03-20-2026 @ 06:28:23 - Checking if username exists....
03-20-2026 @ 06:28:23 - Checking if username exists....
03-20-2026 @ 06:29:28 - Initiating course & category sync process....
03-20-2026 @ 06:30:29 - Start creating/updating moodle user, Updating: 0
03-20-2026 @ 06:30:29 - Checking if username exists....
03-20-2026 @ 06:30:29 - Checking if username exists....
03-20-2026 @ 06:45:12 - Initiating course & category sync process....
03-20-2026 @ 06:45:24 - Start creating/updating moodle user, Updating: 0
03-20-2026 @ 06:45:24 - Checking if username exists....
03-20-2026 @ 06:45:24 - Checking if username exists....
03-20-2026 @ 06:45:24 - Start creating/updating moodle user, Updating: 0
03-20-2026 @ 06:45:24 - Checking if username exists....
03-20-2026 @ 06:45:29 - Start creating/updating moodle user, Updating: 0
03-20-2026 @ 06:45:29 - Checking if username exists....
03-20-2026 @ 06:45:34 - Start creating/updating moodle user, Updating: 0
03-20-2026 @ 06:45:34 - Checking if username exists....
03-20-2026 @ 06:49:25 - Start creating/updating moodle user, Updating: 0
03-20-2026 @ 06:49:25 - Checking if username exists....
03-20-2026 @ 06:49:25 - Checking if username exists....
03-20-2026 @ 07:07:46 - Associated moodle a/c found? :Yes, Moodle user ID is: 29
03-20-2026 @ 07:07:46 - Course IDs: a:0:{}
03-20-2026 @ 07:07:46 - Respective moodle course IDs: a:0:{}
03-20-2026 @ 07:07:46 - 

03-20-2026 @ 07:07:46 - Associated moodle a/c found? :Yes, Moodle user ID is: 29
03-20-2026 @ 07:07:46 - Course IDs: a:0:{}
03-20-2026 @ 07:07:46 - Respective moodle course IDs: a:0:{}
03-20-2026 @ 07:07:46 - 

03-20-2026 @ 07:07:46 - Start creating/updating moodle user, Updating: 1
